[0.013s] Invoking command in '/home/alex/Desktop/ex1/build/myTalker': CMAKE_PREFIX_PATH=/opt/ros/humble /usr/bin/cmake /home/alex/Desktop/ex1/src/myTalker -DCMAKE_INSTALL_PREFIX=/home/alex/Desktop/ex1/install/myTalker
[0.076s] -- The C compiler identification is GNU 11.4.0
[0.141s] -- The CXX compiler identification is GNU 11.4.0
[0.150s] -- Detecting C compiler ABI info
[0.231s] -- Detecting C compiler ABI info - done
[0.238s] -- Check for working C compiler: /usr/bin/cc - skipped
[0.239s] -- Detecting C compile features
[0.239s] -- Detecting C compile features - done
[0.242s] -- Detecting CXX compiler ABI info
[0.336s] -- Detecting CXX compiler ABI info - done
[0.344s] -- Check for working CXX compiler: /usr/bin/c++ - skipped
[0.345s] -- Detecting CXX compile features
[0.345s] -- Detecting CXX compile features - done
[0.348s] -- Found ament_cmake: 1.3.10 (/opt/ros/humble/share/ament_cmake/cmake)
[0.501s] -- Found Python3: /usr/bin/python3 (found version "3.10.12") found components: Interpreter 
[0.562s] -- Found rclcpp: 16.0.10 (/opt/ros/humble/share/rclcpp/cmake)
[0.595s] -- Found rosidl_generator_c: 3.1.5 (/opt/ros/humble/share/rosidl_generator_c/cmake)
[0.598s] -- Found rosidl_adapter: 3.1.5 (/opt/ros/humble/share/rosidl_adapter/cmake)
[0.604s] -- Found rosidl_generator_cpp: 3.1.5 (/opt/ros/humble/share/rosidl_generator_cpp/cmake)
[0.611s] -- Using all available rosidl_typesupport_c: rosidl_typesupport_fastrtps_c;rosidl_typesupport_introspection_c
[0.621s] -- Using all available rosidl_typesupport_cpp: rosidl_typesupport_fastrtps_cpp;rosidl_typesupport_introspection_cpp
[0.654s] -- Found rmw_implementation_cmake: 6.1.2 (/opt/ros/humble/share/rmw_implementation_cmake/cmake)
[0.656s] -- Found rmw_fastrtps_cpp: 6.2.7 (/opt/ros/humble/share/rmw_fastrtps_cpp/cmake)
[0.739s] -- Found OpenSSL: /usr/lib/x86_64-linux-gnu/libcrypto.so (found version "3.0.2")  
[0.761s] -- Found FastRTPS: /opt/ros/humble/include  
[0.795s] -- Using RMW implementation 'rmw_fastrtps_cpp' as default
[0.802s] -- Looking for pthread.h
[0.864s] -- Looking for pthread.h - found
[0.864s] -- Performing Test CMAKE_HAVE_LIBC_PTHREAD
[0.928s] -- Performing Test CMAKE_HAVE_LIBC_PTHREAD - Success
[0.929s] -- Found Threads: TRUE  
[1.003s] WARNING: Package name "myTalker" does not follow the naming conventions. It should start with a lower case letter and only contain lower case letters, digits, underscores, and dashes.
[1.011s] -- Configuring done
[1.017s] -- Generating done
[1.020s] -- Build files have been written to: /home/alex/Desktop/ex1/build/myTalker
[1.030s] Invoked command in '/home/alex/Desktop/ex1/build/myTalker' returned '0': CMAKE_PREFIX_PATH=/opt/ros/humble /usr/bin/cmake /home/alex/Desktop/ex1/src/myTalker -DCMAKE_INSTALL_PREFIX=/home/alex/Desktop/ex1/install/myTalker
[1.032s] Invoking command in '/home/alex/Desktop/ex1/build/myTalker': CMAKE_PREFIX_PATH=/opt/ros/humble /usr/bin/cmake --build /home/alex/Desktop/ex1/build/myTalker -- -j16 -l16
[1.074s] [ 50%] [32mBuilding CXX object CMakeFiles/talker.dir/src/talker.cpp.o[0m
[7.167s] [100%] [32m[1mLinking CXX executable talker[0m
[7.432s] [100%] Built target talker
[7.443s] Invoked command in '/home/alex/Desktop/ex1/build/myTalker' returned '0': CMAKE_PREFIX_PATH=/opt/ros/humble /usr/bin/cmake --build /home/alex/Desktop/ex1/build/myTalker -- -j16 -l16
[7.445s] Invoking command in '/home/alex/Desktop/ex1/build/myTalker': CMAKE_PREFIX_PATH=/opt/ros/humble /usr/bin/cmake --install /home/alex/Desktop/ex1/build/myTalker
[7.451s] -- Install configuration: ""
[7.451s] -- Installing: /home/alex/Desktop/ex1/install/myTalker/lib/myTalker/talker
[7.454s] -- Set runtime path of "/home/alex/Desktop/ex1/install/myTalker/lib/myTalker/talker" to ""
[7.454s] -- Installing: /home/alex/Desktop/ex1/install/myTalker/share/ament_index/resource_index/package_run_dependencies/myTalker
[7.455s] -- Installing: /home/alex/Desktop/ex1/install/myTalker/share/ament_index/resource_index/parent_prefix_path/myTalker
[7.455s] -- Installing: /home/alex/Desktop/ex1/install/myTalker/share/myTalker/environment/ament_prefix_path.sh
[7.455s] -- Installing: /home/alex/Desktop/ex1/install/myTalker/share/myTalker/environment/ament_prefix_path.dsv
[7.455s] -- Installing: /home/alex/Desktop/ex1/install/myTalker/share/myTalker/environment/path.sh
[7.455s] -- Installing: /home/alex/Desktop/ex1/install/myTalker/share/myTalker/environment/path.dsv
[7.455s] -- Installing: /home/alex/Desktop/ex1/install/myTalker/share/myTalker/local_setup.bash
[7.455s] -- Installing: /home/alex/Desktop/ex1/install/myTalker/share/myTalker/local_setup.sh
[7.456s] -- Installing: /home/alex/Desktop/ex1/install/myTalker/share/myTalker/local_setup.zsh
[7.456s] -- Installing: /home/alex/Desktop/ex1/install/myTalker/share/myTalker/local_setup.dsv
[7.456s] -- Installing: /home/alex/Desktop/ex1/install/myTalker/share/myTalker/package.dsv
[7.456s] -- Installing: /home/alex/Desktop/ex1/install/myTalker/share/ament_index/resource_index/packages/myTalker
[7.456s] -- Installing: /home/alex/Desktop/ex1/install/myTalker/share/myTalker/cmake/myTalkerConfig.cmake
[7.456s] -- Installing: /home/alex/Desktop/ex1/install/myTalker/share/myTalker/cmake/myTalkerConfig-version.cmake
[7.456s] -- Installing: /home/alex/Desktop/ex1/install/myTalker/share/myTalker/package.xml
[7.459s] Invoked command in '/home/alex/Desktop/ex1/build/myTalker' returned '0': CMAKE_PREFIX_PATH=/opt/ros/humble /usr/bin/cmake --install /home/alex/Desktop/ex1/build/myTalker
