[0.015s] Invoking command in '/home/alex/Desktop/ex1/build/myTalker': CMAKE_PREFIX_PATH=/opt/ros/humble /usr/bin/cmake --build /home/alex/Desktop/ex1/build/myTalker -- -j16 -l16
[0.062s] [35m[1mConsolidate compiler generated dependencies of target talker[0m
[0.082s] [100%] Built target talker
[0.096s] Invoked command in '/home/alex/Desktop/ex1/build/myTalker' returned '0': CMAKE_PREFIX_PATH=/opt/ros/humble /usr/bin/cmake --build /home/alex/Desktop/ex1/build/myTalker -- -j16 -l16
[0.109s] Invoking command in '/home/alex/Desktop/ex1/build/myTalker': CMAKE_PREFIX_PATH=/opt/ros/humble /usr/bin/cmake --install /home/alex/Desktop/ex1/build/myTalker
[0.118s] -- Install configuration: ""
[0.118s] -- Up-to-date: /home/alex/Desktop/ex1/install/myTalker/lib/myTalker/talker
[0.118s] -- Up-to-date: /home/alex/Desktop/ex1/install/myTalker/share/ament_index/resource_index/package_run_dependencies/myTalker
[0.118s] -- Up-to-date: /home/alex/Desktop/ex1/install/myTalker/share/ament_index/resource_index/parent_prefix_path/myTalker
[0.118s] -- Up-to-date: /home/alex/Desktop/ex1/install/myTalker/share/myTalker/environment/ament_prefix_path.sh
[0.118s] -- Up-to-date: /home/alex/Desktop/ex1/install/myTalker/share/myTalker/environment/ament_prefix_path.dsv
[0.119s] -- Up-to-date: /home/alex/Desktop/ex1/install/myTalker/share/myTalker/environment/path.sh
[0.119s] -- Up-to-date: /home/alex/Desktop/ex1/install/myTalker/share/myTalker/environment/path.dsv
[0.119s] -- Up-to-date: /home/alex/Desktop/ex1/install/myTalker/share/myTalker/local_setup.bash
[0.119s] -- Up-to-date: /home/alex/Desktop/ex1/install/myTalker/share/myTalker/local_setup.sh
[0.119s] -- Up-to-date: /home/alex/Desktop/ex1/install/myTalker/share/myTalker/local_setup.zsh
[0.119s] -- Up-to-date: /home/alex/Desktop/ex1/install/myTalker/share/myTalker/local_setup.dsv
[0.119s] -- Installing: /home/alex/Desktop/ex1/install/myTalker/share/myTalker/package.dsv
[0.119s] -- Up-to-date: /home/alex/Desktop/ex1/install/myTalker/share/ament_index/resource_index/packages/myTalker
[0.119s] -- Up-to-date: /home/alex/Desktop/ex1/install/myTalker/share/myTalker/cmake/myTalkerConfig.cmake
[0.119s] -- Up-to-date: /home/alex/Desktop/ex1/install/myTalker/share/myTalker/cmake/myTalkerConfig-version.cmake
[0.119s] -- Up-to-date: /home/alex/Desktop/ex1/install/myTalker/share/myTalker/package.xml
[0.122s] Invoked command in '/home/alex/Desktop/ex1/build/myTalker' returned '0': CMAKE_PREFIX_PATH=/opt/ros/humble /usr/bin/cmake --install /home/alex/Desktop/ex1/build/myTalker
