-- The C compiler identification is GNU 11.4.0
-- The CXX compiler identification is GNU 11.4.0
-- Detecting C compiler ABI info
-- Detecting C compiler ABI info - done
-- Check for working C compiler: /usr/bin/cc - skipped
-- Detecting C compile features
-- Detecting C compile features - done
-- Detecting CXX compiler ABI info
-- Detecting CXX compiler ABI info - done
-- Check for working CXX compiler: /usr/bin/c++ - skipped
-- Detecting CXX compile features
-- Detecting CXX compile features - done
-- Found ament_cmake: 1.3.10 (/opt/ros/humble/share/ament_cmake/cmake)
-- Found Python3: /usr/bin/python3 (found version "3.10.12") found components: Interpreter 
-- Found rclcpp: 16.0.10 (/opt/ros/humble/share/rclcpp/cmake)
-- Found rosidl_generator_c: 3.1.5 (/opt/ros/humble/share/rosidl_generator_c/cmake)
-- Found rosidl_adapter: 3.1.5 (/opt/ros/humble/share/rosidl_adapter/cmake)
-- Found rosidl_generator_cpp: 3.1.5 (/opt/ros/humble/share/rosidl_generator_cpp/cmake)
-- Using all available rosidl_typesupport_c: rosidl_typesupport_fastrtps_c;rosidl_typesupport_introspection_c
-- Using all available rosidl_typesupport_cpp: rosidl_typesupport_fastrtps_cpp;rosidl_typesupport_introspection_cpp
-- Found rmw_implementation_cmake: 6.1.2 (/opt/ros/humble/share/rmw_implementation_cmake/cmake)
-- Found rmw_fastrtps_cpp: 6.2.7 (/opt/ros/humble/share/rmw_fastrtps_cpp/cmake)
-- Found OpenSSL: /usr/lib/x86_64-linux-gnu/libcrypto.so (found version "3.0.2")  
-- Found FastRTPS: /opt/ros/humble/include  
-- Using RMW implementation 'rmw_fastrtps_cpp' as default
-- Looking for pthread.h
-- Looking for pthread.h - found
-- Performing Test CMAKE_HAVE_LIBC_PTHREAD
-- Performing Test CMAKE_HAVE_LIBC_PTHREAD - Success
-- Found Threads: TRUE  
WARNING: Package name "myTalker" does not follow the naming conventions. It should start with a lower case letter and only contain lower case letters, digits, underscores, and dashes.
-- Configuring done
-- Generating done
-- Build files have been written to: /home/alex/Desktop/ex1/build/myTalker
[ 50%] [32mBuilding CXX object CMakeFiles/talker.dir/src/talker.cpp.o[0m
[100%] [32m[1mLinking CXX executable talker[0m
[100%] Built target talker
-- Install configuration: ""
-- Installing: /home/alex/Desktop/ex1/install/myTalker/lib/myTalker/talker
-- Set runtime path of "/home/alex/Desktop/ex1/install/myTalker/lib/myTalker/talker" to ""
-- Installing: /home/alex/Desktop/ex1/install/myTalker/share/ament_index/resource_index/package_run_dependencies/myTalker
-- Installing: /home/alex/Desktop/ex1/install/myTalker/share/ament_index/resource_index/parent_prefix_path/myTalker
-- Installing: /home/alex/Desktop/ex1/install/myTalker/share/myTalker/environment/ament_prefix_path.sh
-- Installing: /home/alex/Desktop/ex1/install/myTalker/share/myTalker/environment/ament_prefix_path.dsv
-- Installing: /home/alex/Desktop/ex1/install/myTalker/share/myTalker/environment/path.sh
-- Installing: /home/alex/Desktop/ex1/install/myTalker/share/myTalker/environment/path.dsv
-- Installing: /home/alex/Desktop/ex1/install/myTalker/share/myTalker/local_setup.bash
-- Installing: /home/alex/Desktop/ex1/install/myTalker/share/myTalker/local_setup.sh
-- Installing: /home/alex/Desktop/ex1/install/myTalker/share/myTalker/local_setup.zsh
-- Installing: /home/alex/Desktop/ex1/install/myTalker/share/myTalker/local_setup.dsv
-- Installing: /home/alex/Desktop/ex1/install/myTalker/share/myTalker/package.dsv
-- Installing: /home/alex/Desktop/ex1/install/myTalker/share/ament_index/resource_index/packages/myTalker
-- Installing: /home/alex/Desktop/ex1/install/myTalker/share/myTalker/cmake/myTalkerConfig.cmake
-- Installing: /home/alex/Desktop/ex1/install/myTalker/share/myTalker/cmake/myTalkerConfig-version.cmake
-- Installing: /home/alex/Desktop/ex1/install/myTalker/share/myTalker/package.xml
