-- The C compiler identification is GNU 11.4.0
-- The CXX compiler identification is GNU 11.4.0
-- Detecting C compiler ABI info
-- Detecting C compiler ABI info - done
-- Check for working C compiler: /usr/bin/cc - skipped
-- Detecting C compile features
-- Detecting C compile features - done
-- Detecting CXX compiler ABI info
-- Detecting CXX compiler ABI info - done
-- Check for working CXX compiler: /usr/bin/c++ - skipped
-- Detecting CXX compile features
-- Detecting CXX compile features - done
-- Found ament_cmake: 1.3.10 (/opt/ros/humble/share/ament_cmake/cmake)
-- Found Python3: /usr/bin/python3 (found version "3.10.12") found components: Interpreter 
-- Found rosidl_default_generators: 1.2.0 (/opt/ros/humble/share/rosidl_default_generators/cmake)
-- Using all available rosidl_typesupport_c: rosidl_typesupport_fastrtps_c;rosidl_typesupport_introspection_c
-- Found rosidl_adapter: 3.1.5 (/opt/ros/humble/share/rosidl_adapter/cmake)
-- Using all available rosidl_typesupport_cpp: rosidl_typesupport_fastrtps_cpp;rosidl_typesupport_introspection_cpp
-- Found ament_cmake_ros: 0.10.0 (/opt/ros/humble/share/ament_cmake_ros/cmake)
-- Using all available rosidl_typesupport_c: rosidl_typesupport_fastrtps_c;rosidl_typesupport_introspection_c
-- Using all available rosidl_typesupport_cpp: rosidl_typesupport_fastrtps_cpp;rosidl_typesupport_introspection_cpp
-- Found PythonInterp: /usr/bin/python3 (found suitable version "3.10.12", minimum required is "3.6") 
-- Found python_cmake_module: 0.10.0 (/opt/ros/humble/share/python_cmake_module/cmake)
-- Found PythonLibs: /usr/lib/x86_64-linux-gnu/libpython3.10.so (found suitable version "3.10.12", minimum required is "3.5") 
-- Using PYTHON_EXECUTABLE: /usr/bin/python3
-- Using PYTHON_INCLUDE_DIRS: /usr/include/python3.10
-- Using PYTHON_LIBRARIES: /usr/lib/x86_64-linux-gnu/libpython3.10.so
-- Found PythonExtra: .so  
-- Found ament_lint_auto: 0.12.11 (/opt/ros/humble/share/ament_lint_auto/cmake)
-- Added test 'copyright' to check source files copyright and LICENSE
-- Added test 'lint_cmake' to check CMake code style
-- Added test 'xmllint' to check XML markup files
-- Configuring done
-- Generating done
-- Build files have been written to: /home/alex/Desktop/ex1/build/sysmonitor_interfaces
[  3%] [34m[1mGenerating C code for ROS interfaces[0m
[  6%] [34m[1mGenerating C++ code for ROS interfaces[0m
[  6%] Built target ament_cmake_python_copy_sysmonitor_interfaces
[  9%] [32mBuilding C object CMakeFiles/sysmonitor_interfaces__rosidl_generator_c.dir/rosidl_generator_c/sysmonitor_interfaces/msg/detail/sysmon__functions.c.o[0m
[  9%] Built target sysmonitor_interfaces__cpp
running egg_info
creating sysmonitor_interfaces.egg-info
writing sysmonitor_interfaces.egg-info/PKG-INFO
writing dependency_links to sysmonitor_interfaces.egg-info/dependency_links.txt
writing top-level names to sysmonitor_interfaces.egg-info/top_level.txt
writing manifest file 'sysmonitor_interfaces.egg-info/SOURCES.txt'
reading manifest file 'sysmonitor_interfaces.egg-info/SOURCES.txt'
writing manifest file 'sysmonitor_interfaces.egg-info/SOURCES.txt'
[ 19%] [34m[1mGenerating C++ type support dispatch for ROS interfaces[0m
[ 19%] [34m[1mGenerating C++ introspection for ROS interfaces[0m
[ 19%] [34m[1mGenerating C++ type support for eProsima Fast-RTPS[0m
[ 19%] Built target ament_cmake_python_build_sysmonitor_interfaces_egg
[ 22%] [32m[1mLinking C shared library libsysmonitor_interfaces__rosidl_generator_c.so[0m
[ 22%] Built target sysmonitor_interfaces__rosidl_generator_c
[ 29%] [34m[1mGenerating C introspection for ROS interfaces[0m
[ 29%] [34m[1mGenerating C type support for eProsima Fast-RTPS[0m
[ 32%] [34m[1mGenerating C type support dispatch for ROS interfaces[0m
[ 35%] [32mBuilding CXX object CMakeFiles/sysmonitor_interfaces__rosidl_typesupport_cpp.dir/rosidl_typesupport_cpp/sysmonitor_interfaces/msg/sysmon__type_support.cpp.o[0m
[ 38%] [32mBuilding CXX object CMakeFiles/sysmonitor_interfaces__rosidl_typesupport_introspection_cpp.dir/rosidl_typesupport_introspection_cpp/sysmonitor_interfaces/msg/detail/sysmon__type_support.cpp.o[0m
[ 41%] [32mBuilding CXX object CMakeFiles/sysmonitor_interfaces__rosidl_typesupport_fastrtps_cpp.dir/rosidl_typesupport_fastrtps_cpp/sysmonitor_interfaces/msg/detail/dds_fastrtps/sysmon__type_support.cpp.o[0m
[ 45%] [32mBuilding CXX object CMakeFiles/sysmonitor_interfaces__rosidl_typesupport_c.dir/rosidl_typesupport_c/sysmonitor_interfaces/msg/sysmon__type_support.cpp.o[0m
[ 48%] [32mBuilding C object CMakeFiles/sysmonitor_interfaces__rosidl_typesupport_introspection_c.dir/rosidl_typesupport_introspection_c/sysmonitor_interfaces/msg/detail/sysmon__type_support.c.o[0m
[ 51%] [32mBuilding CXX object CMakeFiles/sysmonitor_interfaces__rosidl_typesupport_fastrtps_c.dir/rosidl_typesupport_fastrtps_c/sysmonitor_interfaces/msg/detail/sysmon__type_support_c.cpp.o[0m
[ 54%] [32m[1mLinking CXX shared library libsysmonitor_interfaces__rosidl_typesupport_c.so[0m
[ 58%] [32m[1mLinking C shared library libsysmonitor_interfaces__rosidl_typesupport_introspection_c.so[0m
[ 58%] Built target sysmonitor_interfaces__rosidl_typesupport_c
[ 58%] Built target sysmonitor_interfaces__rosidl_typesupport_introspection_c
[ 61%] [32m[1mLinking CXX shared library libsysmonitor_interfaces__rosidl_typesupport_cpp.so[0m
[ 61%] Built target sysmonitor_interfaces__rosidl_typesupport_cpp
[ 64%] [32m[1mLinking CXX shared library libsysmonitor_interfaces__rosidl_typesupport_introspection_cpp.so[0m
[ 67%] [32m[1mLinking CXX shared library libsysmonitor_interfaces__rosidl_typesupport_fastrtps_cpp.so[0m
[ 70%] [32m[1mLinking CXX shared library libsysmonitor_interfaces__rosidl_typesupport_fastrtps_c.so[0m
[ 70%] Built target sysmonitor_interfaces__rosidl_typesupport_introspection_cpp
[ 70%] Built target sysmonitor_interfaces__rosidl_typesupport_fastrtps_cpp
[ 70%] Built target sysmonitor_interfaces__rosidl_typesupport_fastrtps_c
[ 70%] Built target sysmonitor_interfaces
[ 74%] [34m[1mGenerating Python code for ROS interfaces[0m
[ 74%] Built target sysmonitor_interfaces__py
[ 77%] [32mBuilding C object CMakeFiles/sysmonitor_interfaces__rosidl_generator_py.dir/rosidl_generator_py/sysmonitor_interfaces/msg/_sysmon_s.c.o[0m
[ 80%] [32m[1mLinking C shared library rosidl_generator_py/sysmonitor_interfaces/libsysmonitor_interfaces__rosidl_generator_py.so[0m
[ 80%] Built target sysmonitor_interfaces__rosidl_generator_py
[ 87%] [32mBuilding C object CMakeFiles/sysmonitor_interfaces__rosidl_typesupport_c__pyext.dir/rosidl_generator_py/sysmonitor_interfaces/_sysmonitor_interfaces_s.ep.rosidl_typesupport_c.c.o[0m
[ 87%] [32mBuilding C object CMakeFiles/sysmonitor_interfaces__rosidl_typesupport_fastrtps_c__pyext.dir/rosidl_generator_py/sysmonitor_interfaces/_sysmonitor_interfaces_s.ep.rosidl_typesupport_fastrtps_c.c.o[0m
[ 90%] [32mBuilding C object CMakeFiles/sysmonitor_interfaces__rosidl_typesupport_introspection_c__pyext.dir/rosidl_generator_py/sysmonitor_interfaces/_sysmonitor_interfaces_s.ep.rosidl_typesupport_introspection_c.c.o[0m
[ 96%] [32m[1mLinking C shared library rosidl_generator_py/sysmonitor_interfaces/sysmonitor_interfaces_s__rosidl_typesupport_c.cpython-310-x86_64-linux-gnu.so[0m
[ 96%] [32m[1mLinking C shared library rosidl_generator_py/sysmonitor_interfaces/sysmonitor_interfaces_s__rosidl_typesupport_introspection_c.cpython-310-x86_64-linux-gnu.so[0m
[100%] [32m[1mLinking C shared library rosidl_generator_py/sysmonitor_interfaces/sysmonitor_interfaces_s__rosidl_typesupport_fastrtps_c.cpython-310-x86_64-linux-gnu.so[0m
[100%] Built target sysmonitor_interfaces__rosidl_typesupport_c__pyext
[100%] Built target sysmonitor_interfaces__rosidl_typesupport_introspection_c__pyext
[100%] Built target sysmonitor_interfaces__rosidl_typesupport_fastrtps_c__pyext
-- Install configuration: ""
-- Installing: /home/alex/Desktop/ex1/install/sysmonitor_interfaces/share/ament_index/resource_index/rosidl_interfaces/sysmonitor_interfaces
-- Installing: /home/alex/Desktop/ex1/install/sysmonitor_interfaces/include/sysmonitor_interfaces/sysmonitor_interfaces
-- Installing: /home/alex/Desktop/ex1/install/sysmonitor_interfaces/include/sysmonitor_interfaces/sysmonitor_interfaces/msg
-- Installing: /home/alex/Desktop/ex1/install/sysmonitor_interfaces/include/sysmonitor_interfaces/sysmonitor_interfaces/msg/detail
-- Installing: /home/alex/Desktop/ex1/install/sysmonitor_interfaces/include/sysmonitor_interfaces/sysmonitor_interfaces/msg/detail/sysmon__struct.h
-- Installing: /home/alex/Desktop/ex1/install/sysmonitor_interfaces/include/sysmonitor_interfaces/sysmonitor_interfaces/msg/detail/sysmon__functions.h
-- Installing: /home/alex/Desktop/ex1/install/sysmonitor_interfaces/include/sysmonitor_interfaces/sysmonitor_interfaces/msg/detail/sysmon__functions.c
-- Installing: /home/alex/Desktop/ex1/install/sysmonitor_interfaces/include/sysmonitor_interfaces/sysmonitor_interfaces/msg/detail/sysmon__type_support.h
-- Installing: /home/alex/Desktop/ex1/install/sysmonitor_interfaces/include/sysmonitor_interfaces/sysmonitor_interfaces/msg/sysmon.h
-- Installing: /home/alex/Desktop/ex1/install/sysmonitor_interfaces/include/sysmonitor_interfaces/sysmonitor_interfaces/msg/rosidl_generator_c__visibility_control.h
-- Installing: /home/alex/Desktop/ex1/install/sysmonitor_interfaces/share/sysmonitor_interfaces/environment/library_path.sh
-- Installing: /home/alex/Desktop/ex1/install/sysmonitor_interfaces/share/sysmonitor_interfaces/environment/library_path.dsv
-- Installing: /home/alex/Desktop/ex1/install/sysmonitor_interfaces/lib/libsysmonitor_interfaces__rosidl_generator_c.so
-- Set runtime path of "/home/alex/Desktop/ex1/install/sysmonitor_interfaces/lib/libsysmonitor_interfaces__rosidl_generator_c.so" to ""
-- Up-to-date: /home/alex/Desktop/ex1/install/sysmonitor_interfaces/include/sysmonitor_interfaces/sysmonitor_interfaces
-- Up-to-date: /home/alex/Desktop/ex1/install/sysmonitor_interfaces/include/sysmonitor_interfaces/sysmonitor_interfaces/msg
-- Up-to-date: /home/alex/Desktop/ex1/install/sysmonitor_interfaces/include/sysmonitor_interfaces/sysmonitor_interfaces/msg/detail
-- Installing: /home/alex/Desktop/ex1/install/sysmonitor_interfaces/include/sysmonitor_interfaces/sysmonitor_interfaces/msg/detail/sysmon__rosidl_typesupport_fastrtps_c.h
-- Installing: /home/alex/Desktop/ex1/install/sysmonitor_interfaces/include/sysmonitor_interfaces/sysmonitor_interfaces/msg/rosidl_typesupport_fastrtps_c__visibility_control.h
-- Installing: /home/alex/Desktop/ex1/install/sysmonitor_interfaces/lib/libsysmonitor_interfaces__rosidl_typesupport_fastrtps_c.so
-- Set runtime path of "/home/alex/Desktop/ex1/install/sysmonitor_interfaces/lib/libsysmonitor_interfaces__rosidl_typesupport_fastrtps_c.so" to ""
-- Up-to-date: /home/alex/Desktop/ex1/install/sysmonitor_interfaces/include/sysmonitor_interfaces/sysmonitor_interfaces
-- Up-to-date: /home/alex/Desktop/ex1/install/sysmonitor_interfaces/include/sysmonitor_interfaces/sysmonitor_interfaces/msg
-- Up-to-date: /home/alex/Desktop/ex1/install/sysmonitor_interfaces/include/sysmonitor_interfaces/sysmonitor_interfaces/msg/detail
-- Installing: /home/alex/Desktop/ex1/install/sysmonitor_interfaces/include/sysmonitor_interfaces/sysmonitor_interfaces/msg/detail/sysmon__type_support.c
-- Installing: /home/alex/Desktop/ex1/install/sysmonitor_interfaces/include/sysmonitor_interfaces/sysmonitor_interfaces/msg/detail/sysmon__rosidl_typesupport_introspection_c.h
-- Installing: /home/alex/Desktop/ex1/install/sysmonitor_interfaces/include/sysmonitor_interfaces/sysmonitor_interfaces/msg/rosidl_typesupport_introspection_c__visibility_control.h
-- Installing: /home/alex/Desktop/ex1/install/sysmonitor_interfaces/lib/libsysmonitor_interfaces__rosidl_typesupport_introspection_c.so
-- Set runtime path of "/home/alex/Desktop/ex1/install/sysmonitor_interfaces/lib/libsysmonitor_interfaces__rosidl_typesupport_introspection_c.so" to ""
-- Installing: /home/alex/Desktop/ex1/install/sysmonitor_interfaces/lib/libsysmonitor_interfaces__rosidl_typesupport_c.so
-- Set runtime path of "/home/alex/Desktop/ex1/install/sysmonitor_interfaces/lib/libsysmonitor_interfaces__rosidl_typesupport_c.so" to ""
-- Up-to-date: /home/alex/Desktop/ex1/install/sysmonitor_interfaces/include/sysmonitor_interfaces/sysmonitor_interfaces
-- Up-to-date: /home/alex/Desktop/ex1/install/sysmonitor_interfaces/include/sysmonitor_interfaces/sysmonitor_interfaces/msg
-- Up-to-date: /home/alex/Desktop/ex1/install/sysmonitor_interfaces/include/sysmonitor_interfaces/sysmonitor_interfaces/msg/detail
-- Installing: /home/alex/Desktop/ex1/install/sysmonitor_interfaces/include/sysmonitor_interfaces/sysmonitor_interfaces/msg/detail/sysmon__struct.hpp
-- Installing: /home/alex/Desktop/ex1/install/sysmonitor_interfaces/include/sysmonitor_interfaces/sysmonitor_interfaces/msg/detail/sysmon__traits.hpp
-- Installing: /home/alex/Desktop/ex1/install/sysmonitor_interfaces/include/sysmonitor_interfaces/sysmonitor_interfaces/msg/detail/sysmon__builder.hpp
-- Installing: /home/alex/Desktop/ex1/install/sysmonitor_interfaces/include/sysmonitor_interfaces/sysmonitor_interfaces/msg/sysmon.hpp
-- Up-to-date: /home/alex/Desktop/ex1/install/sysmonitor_interfaces/include/sysmonitor_interfaces/sysmonitor_interfaces
-- Up-to-date: /home/alex/Desktop/ex1/install/sysmonitor_interfaces/include/sysmonitor_interfaces/sysmonitor_interfaces/msg
-- Installing: /home/alex/Desktop/ex1/install/sysmonitor_interfaces/include/sysmonitor_interfaces/sysmonitor_interfaces/msg/rosidl_typesupport_fastrtps_cpp__visibility_control.h
-- Up-to-date: /home/alex/Desktop/ex1/install/sysmonitor_interfaces/include/sysmonitor_interfaces/sysmonitor_interfaces/msg/detail
-- Installing: /home/alex/Desktop/ex1/install/sysmonitor_interfaces/include/sysmonitor_interfaces/sysmonitor_interfaces/msg/detail/sysmon__rosidl_typesupport_fastrtps_cpp.hpp
-- Installing: /home/alex/Desktop/ex1/install/sysmonitor_interfaces/include/sysmonitor_interfaces/sysmonitor_interfaces/msg/detail/dds_fastrtps
-- Installing: /home/alex/Desktop/ex1/install/sysmonitor_interfaces/lib/libsysmonitor_interfaces__rosidl_typesupport_fastrtps_cpp.so
-- Set runtime path of "/home/alex/Desktop/ex1/install/sysmonitor_interfaces/lib/libsysmonitor_interfaces__rosidl_typesupport_fastrtps_cpp.so" to ""
-- Up-to-date: /home/alex/Desktop/ex1/install/sysmonitor_interfaces/include/sysmonitor_interfaces/sysmonitor_interfaces
-- Up-to-date: /home/alex/Desktop/ex1/install/sysmonitor_interfaces/include/sysmonitor_interfaces/sysmonitor_interfaces/msg
-- Up-to-date: /home/alex/Desktop/ex1/install/sysmonitor_interfaces/include/sysmonitor_interfaces/sysmonitor_interfaces/msg/detail
-- Installing: /home/alex/Desktop/ex1/install/sysmonitor_interfaces/include/sysmonitor_interfaces/sysmonitor_interfaces/msg/detail/sysmon__rosidl_typesupport_introspection_cpp.hpp
-- Installing: /home/alex/Desktop/ex1/install/sysmonitor_interfaces/include/sysmonitor_interfaces/sysmonitor_interfaces/msg/detail/sysmon__type_support.cpp
-- Installing: /home/alex/Desktop/ex1/install/sysmonitor_interfaces/lib/libsysmonitor_interfaces__rosidl_typesupport_introspection_cpp.so
-- Set runtime path of "/home/alex/Desktop/ex1/install/sysmonitor_interfaces/lib/libsysmonitor_interfaces__rosidl_typesupport_introspection_cpp.so" to ""
-- Installing: /home/alex/Desktop/ex1/install/sysmonitor_interfaces/lib/libsysmonitor_interfaces__rosidl_typesupport_cpp.so
-- Set runtime path of "/home/alex/Desktop/ex1/install/sysmonitor_interfaces/lib/libsysmonitor_interfaces__rosidl_typesupport_cpp.so" to ""
-- Installing: /home/alex/Desktop/ex1/install/sysmonitor_interfaces/share/sysmonitor_interfaces/environment/pythonpath.sh
-- Installing: /home/alex/Desktop/ex1/install/sysmonitor_interfaces/share/sysmonitor_interfaces/environment/pythonpath.dsv
-- Installing: /home/alex/Desktop/ex1/install/sysmonitor_interfaces/local/lib/python3.10/dist-packages/sysmonitor_interfaces-0.0.0-py3.10.egg-info
-- Installing: /home/alex/Desktop/ex1/install/sysmonitor_interfaces/local/lib/python3.10/dist-packages/sysmonitor_interfaces-0.0.0-py3.10.egg-info/top_level.txt
-- Installing: /home/alex/Desktop/ex1/install/sysmonitor_interfaces/local/lib/python3.10/dist-packages/sysmonitor_interfaces-0.0.0-py3.10.egg-info/PKG-INFO
-- Installing: /home/alex/Desktop/ex1/install/sysmonitor_interfaces/local/lib/python3.10/dist-packages/sysmonitor_interfaces-0.0.0-py3.10.egg-info/dependency_links.txt
-- Installing: /home/alex/Desktop/ex1/install/sysmonitor_interfaces/local/lib/python3.10/dist-packages/sysmonitor_interfaces-0.0.0-py3.10.egg-info/SOURCES.txt
-- Installing: /home/alex/Desktop/ex1/install/sysmonitor_interfaces/local/lib/python3.10/dist-packages/sysmonitor_interfaces
-- Installing: /home/alex/Desktop/ex1/install/sysmonitor_interfaces/local/lib/python3.10/dist-packages/sysmonitor_interfaces/__init__.py
-- Installing: /home/alex/Desktop/ex1/install/sysmonitor_interfaces/local/lib/python3.10/dist-packages/sysmonitor_interfaces/sysmonitor_interfaces_s__rosidl_typesupport_introspection_c.cpython-310-x86_64-linux-gnu.so
-- Installing: /home/alex/Desktop/ex1/install/sysmonitor_interfaces/local/lib/python3.10/dist-packages/sysmonitor_interfaces/_sysmonitor_interfaces_s.ep.rosidl_typesupport_fastrtps_c.c
-- Installing: /home/alex/Desktop/ex1/install/sysmonitor_interfaces/local/lib/python3.10/dist-packages/sysmonitor_interfaces/libsysmonitor_interfaces__rosidl_generator_py.so
-- Installing: /home/alex/Desktop/ex1/install/sysmonitor_interfaces/local/lib/python3.10/dist-packages/sysmonitor_interfaces/_sysmonitor_interfaces_s.ep.rosidl_typesupport_introspection_c.c
-- Installing: /home/alex/Desktop/ex1/install/sysmonitor_interfaces/local/lib/python3.10/dist-packages/sysmonitor_interfaces/sysmonitor_interfaces_s__rosidl_typesupport_fastrtps_c.cpython-310-x86_64-linux-gnu.so
-- Installing: /home/alex/Desktop/ex1/install/sysmonitor_interfaces/local/lib/python3.10/dist-packages/sysmonitor_interfaces/_sysmonitor_interfaces_s.ep.rosidl_typesupport_c.c
-- Installing: /home/alex/Desktop/ex1/install/sysmonitor_interfaces/local/lib/python3.10/dist-packages/sysmonitor_interfaces/sysmonitor_interfaces_s__rosidl_typesupport_c.cpython-310-x86_64-linux-gnu.so
-- Installing: /home/alex/Desktop/ex1/install/sysmonitor_interfaces/local/lib/python3.10/dist-packages/sysmonitor_interfaces/msg
-- Installing: /home/alex/Desktop/ex1/install/sysmonitor_interfaces/local/lib/python3.10/dist-packages/sysmonitor_interfaces/msg/__init__.py
-- Installing: /home/alex/Desktop/ex1/install/sysmonitor_interfaces/local/lib/python3.10/dist-packages/sysmonitor_interfaces/msg/_sysmon.py
-- Installing: /home/alex/Desktop/ex1/install/sysmonitor_interfaces/local/lib/python3.10/dist-packages/sysmonitor_interfaces/msg/_sysmon_s.c
Listing '/home/alex/Desktop/ex1/install/sysmonitor_interfaces/local/lib/python3.10/dist-packages/sysmonitor_interfaces'...
Compiling '/home/alex/Desktop/ex1/install/sysmonitor_interfaces/local/lib/python3.10/dist-packages/sysmonitor_interfaces/__init__.py'...
Listing '/home/alex/Desktop/ex1/install/sysmonitor_interfaces/local/lib/python3.10/dist-packages/sysmonitor_interfaces/msg'...
Compiling '/home/alex/Desktop/ex1/install/sysmonitor_interfaces/local/lib/python3.10/dist-packages/sysmonitor_interfaces/msg/__init__.py'...
Compiling '/home/alex/Desktop/ex1/install/sysmonitor_interfaces/local/lib/python3.10/dist-packages/sysmonitor_interfaces/msg/_sysmon.py'...
-- Installing: /home/alex/Desktop/ex1/install/sysmonitor_interfaces/local/lib/python3.10/dist-packages/sysmonitor_interfaces/sysmonitor_interfaces_s__rosidl_typesupport_fastrtps_c.cpython-310-x86_64-linux-gnu.so
-- Set runtime path of "/home/alex/Desktop/ex1/install/sysmonitor_interfaces/local/lib/python3.10/dist-packages/sysmonitor_interfaces/sysmonitor_interfaces_s__rosidl_typesupport_fastrtps_c.cpython-310-x86_64-linux-gnu.so" to ""
-- Installing: /home/alex/Desktop/ex1/install/sysmonitor_interfaces/local/lib/python3.10/dist-packages/sysmonitor_interfaces/sysmonitor_interfaces_s__rosidl_typesupport_introspection_c.cpython-310-x86_64-linux-gnu.so
-- Set runtime path of "/home/alex/Desktop/ex1/install/sysmonitor_interfaces/local/lib/python3.10/dist-packages/sysmonitor_interfaces/sysmonitor_interfaces_s__rosidl_typesupport_introspection_c.cpython-310-x86_64-linux-gnu.so" to ""
-- Installing: /home/alex/Desktop/ex1/install/sysmonitor_interfaces/local/lib/python3.10/dist-packages/sysmonitor_interfaces/sysmonitor_interfaces_s__rosidl_typesupport_c.cpython-310-x86_64-linux-gnu.so
-- Set runtime path of "/home/alex/Desktop/ex1/install/sysmonitor_interfaces/local/lib/python3.10/dist-packages/sysmonitor_interfaces/sysmonitor_interfaces_s__rosidl_typesupport_c.cpython-310-x86_64-linux-gnu.so" to ""
-- Installing: /home/alex/Desktop/ex1/install/sysmonitor_interfaces/lib/libsysmonitor_interfaces__rosidl_generator_py.so
-- Set runtime path of "/home/alex/Desktop/ex1/install/sysmonitor_interfaces/lib/libsysmonitor_interfaces__rosidl_generator_py.so" to ""
-- Installing: /home/alex/Desktop/ex1/install/sysmonitor_interfaces/share/sysmonitor_interfaces/msg/Sysmon.idl
-- Installing: /home/alex/Desktop/ex1/install/sysmonitor_interfaces/share/sysmonitor_interfaces/msg/Sysmon.msg
-- Installing: /home/alex/Desktop/ex1/install/sysmonitor_interfaces/share/ament_index/resource_index/package_run_dependencies/sysmonitor_interfaces
-- Installing: /home/alex/Desktop/ex1/install/sysmonitor_interfaces/share/ament_index/resource_index/parent_prefix_path/sysmonitor_interfaces
-- Installing: /home/alex/Desktop/ex1/install/sysmonitor_interfaces/share/sysmonitor_interfaces/environment/ament_prefix_path.sh
-- Installing: /home/alex/Desktop/ex1/install/sysmonitor_interfaces/share/sysmonitor_interfaces/environment/ament_prefix_path.dsv
-- Installing: /home/alex/Desktop/ex1/install/sysmonitor_interfaces/share/sysmonitor_interfaces/environment/path.sh
-- Installing: /home/alex/Desktop/ex1/install/sysmonitor_interfaces/share/sysmonitor_interfaces/environment/path.dsv
-- Installing: /home/alex/Desktop/ex1/install/sysmonitor_interfaces/share/sysmonitor_interfaces/local_setup.bash
-- Installing: /home/alex/Desktop/ex1/install/sysmonitor_interfaces/share/sysmonitor_interfaces/local_setup.sh
-- Installing: /home/alex/Desktop/ex1/install/sysmonitor_interfaces/share/sysmonitor_interfaces/local_setup.zsh
-- Installing: /home/alex/Desktop/ex1/install/sysmonitor_interfaces/share/sysmonitor_interfaces/local_setup.dsv
-- Installing: /home/alex/Desktop/ex1/install/sysmonitor_interfaces/share/sysmonitor_interfaces/package.dsv
-- Installing: /home/alex/Desktop/ex1/install/sysmonitor_interfaces/share/ament_index/resource_index/packages/sysmonitor_interfaces
-- Installing: /home/alex/Desktop/ex1/install/sysmonitor_interfaces/share/sysmonitor_interfaces/cmake/export_sysmonitor_interfaces__rosidl_generator_cExport.cmake
-- Installing: /home/alex/Desktop/ex1/install/sysmonitor_interfaces/share/sysmonitor_interfaces/cmake/export_sysmonitor_interfaces__rosidl_generator_cExport-noconfig.cmake
-- Installing: /home/alex/Desktop/ex1/install/sysmonitor_interfaces/share/sysmonitor_interfaces/cmake/export_sysmonitor_interfaces__rosidl_typesupport_fastrtps_cExport.cmake
-- Installing: /home/alex/Desktop/ex1/install/sysmonitor_interfaces/share/sysmonitor_interfaces/cmake/export_sysmonitor_interfaces__rosidl_typesupport_fastrtps_cExport-noconfig.cmake
-- Installing: /home/alex/Desktop/ex1/install/sysmonitor_interfaces/share/sysmonitor_interfaces/cmake/sysmonitor_interfaces__rosidl_typesupport_introspection_cExport.cmake
-- Installing: /home/alex/Desktop/ex1/install/sysmonitor_interfaces/share/sysmonitor_interfaces/cmake/sysmonitor_interfaces__rosidl_typesupport_introspection_cExport-noconfig.cmake
-- Installing: /home/alex/Desktop/ex1/install/sysmonitor_interfaces/share/sysmonitor_interfaces/cmake/sysmonitor_interfaces__rosidl_typesupport_cExport.cmake
-- Installing: /home/alex/Desktop/ex1/install/sysmonitor_interfaces/share/sysmonitor_interfaces/cmake/sysmonitor_interfaces__rosidl_typesupport_cExport-noconfig.cmake
-- Installing: /home/alex/Desktop/ex1/install/sysmonitor_interfaces/share/sysmonitor_interfaces/cmake/export_sysmonitor_interfaces__rosidl_generator_cppExport.cmake
-- Installing: /home/alex/Desktop/ex1/install/sysmonitor_interfaces/share/sysmonitor_interfaces/cmake/export_sysmonitor_interfaces__rosidl_typesupport_fastrtps_cppExport.cmake
-- Installing: /home/alex/Desktop/ex1/install/sysmonitor_interfaces/share/sysmonitor_interfaces/cmake/export_sysmonitor_interfaces__rosidl_typesupport_fastrtps_cppExport-noconfig.cmake
-- Installing: /home/alex/Desktop/ex1/install/sysmonitor_interfaces/share/sysmonitor_interfaces/cmake/sysmonitor_interfaces__rosidl_typesupport_introspection_cppExport.cmake
-- Installing: /home/alex/Desktop/ex1/install/sysmonitor_interfaces/share/sysmonitor_interfaces/cmake/sysmonitor_interfaces__rosidl_typesupport_introspection_cppExport-noconfig.cmake
-- Installing: /home/alex/Desktop/ex1/install/sysmonitor_interfaces/share/sysmonitor_interfaces/cmake/sysmonitor_interfaces__rosidl_typesupport_cppExport.cmake
-- Installing: /home/alex/Desktop/ex1/install/sysmonitor_interfaces/share/sysmonitor_interfaces/cmake/sysmonitor_interfaces__rosidl_typesupport_cppExport-noconfig.cmake
-- Installing: /home/alex/Desktop/ex1/install/sysmonitor_interfaces/share/sysmonitor_interfaces/cmake/export_sysmonitor_interfaces__rosidl_generator_pyExport.cmake
-- Installing: /home/alex/Desktop/ex1/install/sysmonitor_interfaces/share/sysmonitor_interfaces/cmake/export_sysmonitor_interfaces__rosidl_generator_pyExport-noconfig.cmake
-- Installing: /home/alex/Desktop/ex1/install/sysmonitor_interfaces/share/sysmonitor_interfaces/cmake/rosidl_cmake-extras.cmake
-- Installing: /home/alex/Desktop/ex1/install/sysmonitor_interfaces/share/sysmonitor_interfaces/cmake/ament_cmake_export_include_directories-extras.cmake
-- Installing: /home/alex/Desktop/ex1/install/sysmonitor_interfaces/share/sysmonitor_interfaces/cmake/ament_cmake_export_libraries-extras.cmake
-- Installing: /home/alex/Desktop/ex1/install/sysmonitor_interfaces/share/sysmonitor_interfaces/cmake/ament_cmake_export_targets-extras.cmake
-- Installing: /home/alex/Desktop/ex1/install/sysmonitor_interfaces/share/sysmonitor_interfaces/cmake/rosidl_cmake_export_typesupport_targets-extras.cmake
-- Installing: /home/alex/Desktop/ex1/install/sysmonitor_interfaces/share/sysmonitor_interfaces/cmake/ament_cmake_export_dependencies-extras.cmake
-- Installing: /home/alex/Desktop/ex1/install/sysmonitor_interfaces/share/sysmonitor_interfaces/cmake/rosidl_cmake_export_typesupport_libraries-extras.cmake
-- Installing: /home/alex/Desktop/ex1/install/sysmonitor_interfaces/share/sysmonitor_interfaces/cmake/sysmonitor_interfacesConfig.cmake
-- Installing: /home/alex/Desktop/ex1/install/sysmonitor_interfaces/share/sysmonitor_interfaces/cmake/sysmonitor_interfacesConfig-version.cmake
-- Installing: /home/alex/Desktop/ex1/install/sysmonitor_interfaces/share/sysmonitor_interfaces/package.xml
