[0.011s] Invoking command in '/home/alex/Desktop/ex1/build/sysmonitor_interfaces': CMAKE_PREFIX_PATH=/opt/ros/humble /usr/bin/cmake /home/alex/Desktop/ex1/sysmonitor_interfaces -DCMAKE_INSTALL_PREFIX=/home/alex/Desktop/ex1/install/sysmonitor_interfaces
[0.126s] -- The C compiler identification is GNU 11.4.0
[0.220s] -- The CXX compiler identification is GNU 11.4.0
[0.232s] -- Detecting C compiler ABI info
[0.317s] -- Detecting C compiler ABI info - done
[0.325s] -- Check for working C compiler: /usr/bin/cc - skipped
[0.325s] -- Detecting C compile features
[0.326s] -- Detecting C compile features - done
[0.329s] -- Detecting CXX compiler ABI info
[0.424s] -- Detecting CXX compiler ABI info - done
[0.431s] -- Check for working CXX compiler: /usr/bin/c++ - skipped
[0.432s] -- Detecting CXX compile features
[0.432s] -- Detecting CXX compile features - done
[0.437s] -- Found ament_cmake: 1.3.10 (/opt/ros/humble/share/ament_cmake/cmake)
[0.594s] -- Found Python3: /usr/bin/python3 (found version "3.10.12") found components: Interpreter 
[0.690s] -- Found rosidl_default_generators: 1.2.0 (/opt/ros/humble/share/rosidl_default_generators/cmake)
[0.694s] -- Using all available rosidl_typesupport_c: rosidl_typesupport_fastrtps_c;rosidl_typesupport_introspection_c
[0.702s] -- Found rosidl_adapter: 3.1.5 (/opt/ros/humble/share/rosidl_adapter/cmake)
[0.765s] -- Using all available rosidl_typesupport_cpp: rosidl_typesupport_fastrtps_cpp;rosidl_typesupport_introspection_cpp
[0.965s] -- Found ament_cmake_ros: 0.10.0 (/opt/ros/humble/share/ament_cmake_ros/cmake)
[1.094s] -- Using all available rosidl_typesupport_c: rosidl_typesupport_fastrtps_c;rosidl_typesupport_introspection_c
[1.258s] -- Using all available rosidl_typesupport_cpp: rosidl_typesupport_fastrtps_cpp;rosidl_typesupport_introspection_cpp
[1.273s] -- Found PythonInterp: /usr/bin/python3 (found suitable version "3.10.12", minimum required is "3.6") 
[1.274s] -- Found python_cmake_module: 0.10.0 (/opt/ros/humble/share/python_cmake_module/cmake)
[1.293s] -- Found PythonLibs: /usr/lib/x86_64-linux-gnu/libpython3.10.so (found suitable version "3.10.12", minimum required is "3.5") 
[1.294s] -- Using PYTHON_EXECUTABLE: /usr/bin/python3
[1.294s] -- Using PYTHON_INCLUDE_DIRS: /usr/include/python3.10
[1.294s] -- Using PYTHON_LIBRARIES: /usr/lib/x86_64-linux-gnu/libpython3.10.so
[1.309s] -- Found PythonExtra: .so  
[1.332s] -- Found ament_lint_auto: 0.12.11 (/opt/ros/humble/share/ament_lint_auto/cmake)
[1.350s] -- Added test 'copyright' to check source files copyright and LICENSE
[1.351s] -- Added test 'lint_cmake' to check CMake code style
[1.352s] -- Added test 'xmllint' to check XML markup files
[1.354s] -- Configuring done
[1.375s] -- Generating done
[1.381s] -- Build files have been written to: /home/alex/Desktop/ex1/build/sysmonitor_interfaces
[1.387s] Invoked command in '/home/alex/Desktop/ex1/build/sysmonitor_interfaces' returned '0': CMAKE_PREFIX_PATH=/opt/ros/humble /usr/bin/cmake /home/alex/Desktop/ex1/sysmonitor_interfaces -DCMAKE_INSTALL_PREFIX=/home/alex/Desktop/ex1/install/sysmonitor_interfaces
[1.389s] Invoking command in '/home/alex/Desktop/ex1/build/sysmonitor_interfaces': CMAKE_PREFIX_PATH=/opt/ros/humble /usr/bin/cmake --build /home/alex/Desktop/ex1/build/sysmonitor_interfaces -- -j16 -l16
[1.424s] [  3%] [34m[1mGenerating C code for ROS interfaces[0m
[1.433s] [  6%] [34m[1mGenerating C++ code for ROS interfaces[0m
[1.440s] [  6%] Built target ament_cmake_python_copy_sysmonitor_interfaces
[1.604s] [  9%] [32mBuilding C object CMakeFiles/sysmonitor_interfaces__rosidl_generator_c.dir/rosidl_generator_c/sysmonitor_interfaces/msg/detail/sysmon__functions.c.o[0m
[1.610s] [  9%] Built target sysmonitor_interfaces__cpp
[1.612s] running egg_info
[1.613s] creating sysmonitor_interfaces.egg-info
[1.613s] writing sysmonitor_interfaces.egg-info/PKG-INFO
[1.613s] writing dependency_links to sysmonitor_interfaces.egg-info/dependency_links.txt
[1.613s] writing top-level names to sysmonitor_interfaces.egg-info/top_level.txt
[1.613s] writing manifest file 'sysmonitor_interfaces.egg-info/SOURCES.txt'
[1.616s] reading manifest file 'sysmonitor_interfaces.egg-info/SOURCES.txt'
[1.616s] writing manifest file 'sysmonitor_interfaces.egg-info/SOURCES.txt'
[1.620s] [ 19%] [34m[1mGenerating C++ type support dispatch for ROS interfaces[0m
[1.620s] [ 19%] [34m[1mGenerating C++ introspection for ROS interfaces[0m
[1.620s] [ 19%] [34m[1mGenerating C++ type support for eProsima Fast-RTPS[0m
[1.650s] [ 19%] Built target ament_cmake_python_build_sysmonitor_interfaces_egg
[1.657s] [ 22%] [32m[1mLinking C shared library libsysmonitor_interfaces__rosidl_generator_c.so[0m
[1.689s] [ 22%] Built target sysmonitor_interfaces__rosidl_generator_c
[1.698s] [ 29%] [34m[1mGenerating C introspection for ROS interfaces[0m
[1.698s] [ 29%] [34m[1mGenerating C type support for eProsima Fast-RTPS[0m
[1.698s] [ 32%] [34m[1mGenerating C type support dispatch for ROS interfaces[0m
[1.791s] [ 35%] [32mBuilding CXX object CMakeFiles/sysmonitor_interfaces__rosidl_typesupport_cpp.dir/rosidl_typesupport_cpp/sysmonitor_interfaces/msg/sysmon__type_support.cpp.o[0m
[1.805s] [ 38%] [32mBuilding CXX object CMakeFiles/sysmonitor_interfaces__rosidl_typesupport_introspection_cpp.dir/rosidl_typesupport_introspection_cpp/sysmonitor_interfaces/msg/detail/sysmon__type_support.cpp.o[0m
[1.814s] [ 41%] [32mBuilding CXX object CMakeFiles/sysmonitor_interfaces__rosidl_typesupport_fastrtps_cpp.dir/rosidl_typesupport_fastrtps_cpp/sysmonitor_interfaces/msg/detail/dds_fastrtps/sysmon__type_support.cpp.o[0m
[1.874s] [ 45%] [32mBuilding CXX object CMakeFiles/sysmonitor_interfaces__rosidl_typesupport_c.dir/rosidl_typesupport_c/sysmonitor_interfaces/msg/sysmon__type_support.cpp.o[0m
[1.889s] [ 48%] [32mBuilding C object CMakeFiles/sysmonitor_interfaces__rosidl_typesupport_introspection_c.dir/rosidl_typesupport_introspection_c/sysmonitor_interfaces/msg/detail/sysmon__type_support.c.o[0m
[1.890s] [ 51%] [32mBuilding CXX object CMakeFiles/sysmonitor_interfaces__rosidl_typesupport_fastrtps_c.dir/rosidl_typesupport_fastrtps_c/sysmonitor_interfaces/msg/detail/sysmon__type_support_c.cpp.o[0m
[1.901s] [ 54%] [32m[1mLinking CXX shared library libsysmonitor_interfaces__rosidl_typesupport_c.so[0m
[1.920s] [ 58%] [32m[1mLinking C shared library libsysmonitor_interfaces__rosidl_typesupport_introspection_c.so[0m
[1.938s] [ 58%] Built target sysmonitor_interfaces__rosidl_typesupport_c
[1.951s] [ 58%] Built target sysmonitor_interfaces__rosidl_typesupport_introspection_c
[2.013s] [ 61%] [32m[1mLinking CXX shared library libsysmonitor_interfaces__rosidl_typesupport_cpp.so[0m
[2.050s] [ 61%] Built target sysmonitor_interfaces__rosidl_typesupport_cpp
[2.095s] [ 64%] [32m[1mLinking CXX shared library libsysmonitor_interfaces__rosidl_typesupport_introspection_cpp.so[0m
[2.107s] [ 67%] [32m[1mLinking CXX shared library libsysmonitor_interfaces__rosidl_typesupport_fastrtps_cpp.so[0m
[2.128s] [ 70%] [32m[1mLinking CXX shared library libsysmonitor_interfaces__rosidl_typesupport_fastrtps_c.so[0m
[2.130s] [ 70%] Built target sysmonitor_interfaces__rosidl_typesupport_introspection_cpp
[2.175s] [ 70%] Built target sysmonitor_interfaces__rosidl_typesupport_fastrtps_cpp
[2.193s] [ 70%] Built target sysmonitor_interfaces__rosidl_typesupport_fastrtps_c
[2.210s] [ 70%] Built target sysmonitor_interfaces
[2.229s] [ 74%] [34m[1mGenerating Python code for ROS interfaces[0m
[2.419s] [ 74%] Built target sysmonitor_interfaces__py
[2.438s] [ 77%] [32mBuilding C object CMakeFiles/sysmonitor_interfaces__rosidl_generator_py.dir/rosidl_generator_py/sysmonitor_interfaces/msg/_sysmon_s.c.o[0m
[2.523s] [ 80%] [32m[1mLinking C shared library rosidl_generator_py/sysmonitor_interfaces/libsysmonitor_interfaces__rosidl_generator_py.so[0m
[2.556s] [ 80%] Built target sysmonitor_interfaces__rosidl_generator_py
[2.572s] [ 87%] [32mBuilding C object CMakeFiles/sysmonitor_interfaces__rosidl_typesupport_c__pyext.dir/rosidl_generator_py/sysmonitor_interfaces/_sysmonitor_interfaces_s.ep.rosidl_typesupport_c.c.o[0m
[2.573s] [ 87%] [32mBuilding C object CMakeFiles/sysmonitor_interfaces__rosidl_typesupport_fastrtps_c__pyext.dir/rosidl_generator_py/sysmonitor_interfaces/_sysmonitor_interfaces_s.ep.rosidl_typesupport_fastrtps_c.c.o[0m
[2.573s] [ 90%] [32mBuilding C object CMakeFiles/sysmonitor_interfaces__rosidl_typesupport_introspection_c__pyext.dir/rosidl_generator_py/sysmonitor_interfaces/_sysmonitor_interfaces_s.ep.rosidl_typesupport_introspection_c.c.o[0m
[2.637s] [ 96%] [32m[1mLinking C shared library rosidl_generator_py/sysmonitor_interfaces/sysmonitor_interfaces_s__rosidl_typesupport_c.cpython-310-x86_64-linux-gnu.so[0m
[2.637s] [ 96%] [32m[1mLinking C shared library rosidl_generator_py/sysmonitor_interfaces/sysmonitor_interfaces_s__rosidl_typesupport_introspection_c.cpython-310-x86_64-linux-gnu.so[0m
[2.642s] [100%] [32m[1mLinking C shared library rosidl_generator_py/sysmonitor_interfaces/sysmonitor_interfaces_s__rosidl_typesupport_fastrtps_c.cpython-310-x86_64-linux-gnu.so[0m
[2.663s] [100%] Built target sysmonitor_interfaces__rosidl_typesupport_c__pyext
[2.663s] [100%] Built target sysmonitor_interfaces__rosidl_typesupport_introspection_c__pyext
[2.673s] [100%] Built target sysmonitor_interfaces__rosidl_typesupport_fastrtps_c__pyext
[2.684s] Invoked command in '/home/alex/Desktop/ex1/build/sysmonitor_interfaces' returned '0': CMAKE_PREFIX_PATH=/opt/ros/humble /usr/bin/cmake --build /home/alex/Desktop/ex1/build/sysmonitor_interfaces -- -j16 -l16
[2.692s] Invoking command in '/home/alex/Desktop/ex1/build/sysmonitor_interfaces': CMAKE_PREFIX_PATH=/opt/ros/humble /usr/bin/cmake --install /home/alex/Desktop/ex1/build/sysmonitor_interfaces
[2.699s] -- Install configuration: ""
[2.699s] -- Installing: /home/alex/Desktop/ex1/install/sysmonitor_interfaces/share/ament_index/resource_index/rosidl_interfaces/sysmonitor_interfaces
[2.699s] -- Installing: /home/alex/Desktop/ex1/install/sysmonitor_interfaces/include/sysmonitor_interfaces/sysmonitor_interfaces
[2.699s] -- Installing: /home/alex/Desktop/ex1/install/sysmonitor_interfaces/include/sysmonitor_interfaces/sysmonitor_interfaces/msg
[2.699s] -- Installing: /home/alex/Desktop/ex1/install/sysmonitor_interfaces/include/sysmonitor_interfaces/sysmonitor_interfaces/msg/detail
[2.699s] -- Installing: /home/alex/Desktop/ex1/install/sysmonitor_interfaces/include/sysmonitor_interfaces/sysmonitor_interfaces/msg/detail/sysmon__struct.h
[2.699s] -- Installing: /home/alex/Desktop/ex1/install/sysmonitor_interfaces/include/sysmonitor_interfaces/sysmonitor_interfaces/msg/detail/sysmon__functions.h
[2.699s] -- Installing: /home/alex/Desktop/ex1/install/sysmonitor_interfaces/include/sysmonitor_interfaces/sysmonitor_interfaces/msg/detail/sysmon__functions.c
[2.700s] -- Installing: /home/alex/Desktop/ex1/install/sysmonitor_interfaces/include/sysmonitor_interfaces/sysmonitor_interfaces/msg/detail/sysmon__type_support.h
[2.700s] -- Installing: /home/alex/Desktop/ex1/install/sysmonitor_interfaces/include/sysmonitor_interfaces/sysmonitor_interfaces/msg/sysmon.h
[2.700s] -- Installing: /home/alex/Desktop/ex1/install/sysmonitor_interfaces/include/sysmonitor_interfaces/sysmonitor_interfaces/msg/rosidl_generator_c__visibility_control.h
[2.700s] -- Installing: /home/alex/Desktop/ex1/install/sysmonitor_interfaces/share/sysmonitor_interfaces/environment/library_path.sh
[2.700s] -- Installing: /home/alex/Desktop/ex1/install/sysmonitor_interfaces/share/sysmonitor_interfaces/environment/library_path.dsv
[2.700s] -- Installing: /home/alex/Desktop/ex1/install/sysmonitor_interfaces/lib/libsysmonitor_interfaces__rosidl_generator_c.so
[2.700s] -- Set runtime path of "/home/alex/Desktop/ex1/install/sysmonitor_interfaces/lib/libsysmonitor_interfaces__rosidl_generator_c.so" to ""
[2.700s] -- Up-to-date: /home/alex/Desktop/ex1/install/sysmonitor_interfaces/include/sysmonitor_interfaces/sysmonitor_interfaces
[2.701s] -- Up-to-date: /home/alex/Desktop/ex1/install/sysmonitor_interfaces/include/sysmonitor_interfaces/sysmonitor_interfaces/msg
[2.701s] -- Up-to-date: /home/alex/Desktop/ex1/install/sysmonitor_interfaces/include/sysmonitor_interfaces/sysmonitor_interfaces/msg/detail
[2.701s] -- Installing: /home/alex/Desktop/ex1/install/sysmonitor_interfaces/include/sysmonitor_interfaces/sysmonitor_interfaces/msg/detail/sysmon__rosidl_typesupport_fastrtps_c.h
[2.701s] -- Installing: /home/alex/Desktop/ex1/install/sysmonitor_interfaces/include/sysmonitor_interfaces/sysmonitor_interfaces/msg/rosidl_typesupport_fastrtps_c__visibility_control.h
[2.701s] -- Installing: /home/alex/Desktop/ex1/install/sysmonitor_interfaces/lib/libsysmonitor_interfaces__rosidl_typesupport_fastrtps_c.so
[2.701s] -- Set runtime path of "/home/alex/Desktop/ex1/install/sysmonitor_interfaces/lib/libsysmonitor_interfaces__rosidl_typesupport_fastrtps_c.so" to ""
[2.701s] -- Up-to-date: /home/alex/Desktop/ex1/install/sysmonitor_interfaces/include/sysmonitor_interfaces/sysmonitor_interfaces
[2.701s] -- Up-to-date: /home/alex/Desktop/ex1/install/sysmonitor_interfaces/include/sysmonitor_interfaces/sysmonitor_interfaces/msg
[2.701s] -- Up-to-date: /home/alex/Desktop/ex1/install/sysmonitor_interfaces/include/sysmonitor_interfaces/sysmonitor_interfaces/msg/detail
[2.701s] -- Installing: /home/alex/Desktop/ex1/install/sysmonitor_interfaces/include/sysmonitor_interfaces/sysmonitor_interfaces/msg/detail/sysmon__type_support.c
[2.701s] -- Installing: /home/alex/Desktop/ex1/install/sysmonitor_interfaces/include/sysmonitor_interfaces/sysmonitor_interfaces/msg/detail/sysmon__rosidl_typesupport_introspection_c.h
[2.701s] -- Installing: /home/alex/Desktop/ex1/install/sysmonitor_interfaces/include/sysmonitor_interfaces/sysmonitor_interfaces/msg/rosidl_typesupport_introspection_c__visibility_control.h
[2.701s] -- Installing: /home/alex/Desktop/ex1/install/sysmonitor_interfaces/lib/libsysmonitor_interfaces__rosidl_typesupport_introspection_c.so
[2.702s] -- Set runtime path of "/home/alex/Desktop/ex1/install/sysmonitor_interfaces/lib/libsysmonitor_interfaces__rosidl_typesupport_introspection_c.so" to ""
[2.702s] -- Installing: /home/alex/Desktop/ex1/install/sysmonitor_interfaces/lib/libsysmonitor_interfaces__rosidl_typesupport_c.so
[2.702s] -- Set runtime path of "/home/alex/Desktop/ex1/install/sysmonitor_interfaces/lib/libsysmonitor_interfaces__rosidl_typesupport_c.so" to ""
[2.702s] -- Up-to-date: /home/alex/Desktop/ex1/install/sysmonitor_interfaces/include/sysmonitor_interfaces/sysmonitor_interfaces
[2.702s] -- Up-to-date: /home/alex/Desktop/ex1/install/sysmonitor_interfaces/include/sysmonitor_interfaces/sysmonitor_interfaces/msg
[2.702s] -- Up-to-date: /home/alex/Desktop/ex1/install/sysmonitor_interfaces/include/sysmonitor_interfaces/sysmonitor_interfaces/msg/detail
[2.702s] -- Installing: /home/alex/Desktop/ex1/install/sysmonitor_interfaces/include/sysmonitor_interfaces/sysmonitor_interfaces/msg/detail/sysmon__struct.hpp
[2.702s] -- Installing: /home/alex/Desktop/ex1/install/sysmonitor_interfaces/include/sysmonitor_interfaces/sysmonitor_interfaces/msg/detail/sysmon__traits.hpp
[2.702s] -- Installing: /home/alex/Desktop/ex1/install/sysmonitor_interfaces/include/sysmonitor_interfaces/sysmonitor_interfaces/msg/detail/sysmon__builder.hpp
[2.702s] -- Installing: /home/alex/Desktop/ex1/install/sysmonitor_interfaces/include/sysmonitor_interfaces/sysmonitor_interfaces/msg/sysmon.hpp
[2.703s] -- Up-to-date: /home/alex/Desktop/ex1/install/sysmonitor_interfaces/include/sysmonitor_interfaces/sysmonitor_interfaces
[2.703s] -- Up-to-date: /home/alex/Desktop/ex1/install/sysmonitor_interfaces/include/sysmonitor_interfaces/sysmonitor_interfaces/msg
[2.703s] -- Installing: /home/alex/Desktop/ex1/install/sysmonitor_interfaces/include/sysmonitor_interfaces/sysmonitor_interfaces/msg/rosidl_typesupport_fastrtps_cpp__visibility_control.h
[2.703s] -- Up-to-date: /home/alex/Desktop/ex1/install/sysmonitor_interfaces/include/sysmonitor_interfaces/sysmonitor_interfaces/msg/detail
[2.703s] -- Installing: /home/alex/Desktop/ex1/install/sysmonitor_interfaces/include/sysmonitor_interfaces/sysmonitor_interfaces/msg/detail/sysmon__rosidl_typesupport_fastrtps_cpp.hpp
[2.703s] -- Installing: /home/alex/Desktop/ex1/install/sysmonitor_interfaces/include/sysmonitor_interfaces/sysmonitor_interfaces/msg/detail/dds_fastrtps
[2.703s] -- Installing: /home/alex/Desktop/ex1/install/sysmonitor_interfaces/lib/libsysmonitor_interfaces__rosidl_typesupport_fastrtps_cpp.so
[2.703s] -- Set runtime path of "/home/alex/Desktop/ex1/install/sysmonitor_interfaces/lib/libsysmonitor_interfaces__rosidl_typesupport_fastrtps_cpp.so" to ""
[2.703s] -- Up-to-date: /home/alex/Desktop/ex1/install/sysmonitor_interfaces/include/sysmonitor_interfaces/sysmonitor_interfaces
[2.703s] -- Up-to-date: /home/alex/Desktop/ex1/install/sysmonitor_interfaces/include/sysmonitor_interfaces/sysmonitor_interfaces/msg
[2.703s] -- Up-to-date: /home/alex/Desktop/ex1/install/sysmonitor_interfaces/include/sysmonitor_interfaces/sysmonitor_interfaces/msg/detail
[2.703s] -- Installing: /home/alex/Desktop/ex1/install/sysmonitor_interfaces/include/sysmonitor_interfaces/sysmonitor_interfaces/msg/detail/sysmon__rosidl_typesupport_introspection_cpp.hpp
[2.703s] -- Installing: /home/alex/Desktop/ex1/install/sysmonitor_interfaces/include/sysmonitor_interfaces/sysmonitor_interfaces/msg/detail/sysmon__type_support.cpp
[2.703s] -- Installing: /home/alex/Desktop/ex1/install/sysmonitor_interfaces/lib/libsysmonitor_interfaces__rosidl_typesupport_introspection_cpp.so
[2.704s] -- Set runtime path of "/home/alex/Desktop/ex1/install/sysmonitor_interfaces/lib/libsysmonitor_interfaces__rosidl_typesupport_introspection_cpp.so" to ""
[2.704s] -- Installing: /home/alex/Desktop/ex1/install/sysmonitor_interfaces/lib/libsysmonitor_interfaces__rosidl_typesupport_cpp.so
[2.704s] -- Set runtime path of "/home/alex/Desktop/ex1/install/sysmonitor_interfaces/lib/libsysmonitor_interfaces__rosidl_typesupport_cpp.so" to ""
[2.704s] -- Installing: /home/alex/Desktop/ex1/install/sysmonitor_interfaces/share/sysmonitor_interfaces/environment/pythonpath.sh
[2.704s] -- Installing: /home/alex/Desktop/ex1/install/sysmonitor_interfaces/share/sysmonitor_interfaces/environment/pythonpath.dsv
[2.704s] -- Installing: /home/alex/Desktop/ex1/install/sysmonitor_interfaces/local/lib/python3.10/dist-packages/sysmonitor_interfaces-0.0.0-py3.10.egg-info
[2.704s] -- Installing: /home/alex/Desktop/ex1/install/sysmonitor_interfaces/local/lib/python3.10/dist-packages/sysmonitor_interfaces-0.0.0-py3.10.egg-info/top_level.txt
[2.705s] -- Installing: /home/alex/Desktop/ex1/install/sysmonitor_interfaces/local/lib/python3.10/dist-packages/sysmonitor_interfaces-0.0.0-py3.10.egg-info/PKG-INFO
[2.705s] -- Installing: /home/alex/Desktop/ex1/install/sysmonitor_interfaces/local/lib/python3.10/dist-packages/sysmonitor_interfaces-0.0.0-py3.10.egg-info/dependency_links.txt
[2.705s] -- Installing: /home/alex/Desktop/ex1/install/sysmonitor_interfaces/local/lib/python3.10/dist-packages/sysmonitor_interfaces-0.0.0-py3.10.egg-info/SOURCES.txt
[2.705s] -- Installing: /home/alex/Desktop/ex1/install/sysmonitor_interfaces/local/lib/python3.10/dist-packages/sysmonitor_interfaces
[2.705s] -- Installing: /home/alex/Desktop/ex1/install/sysmonitor_interfaces/local/lib/python3.10/dist-packages/sysmonitor_interfaces/__init__.py
[2.705s] -- Installing: /home/alex/Desktop/ex1/install/sysmonitor_interfaces/local/lib/python3.10/dist-packages/sysmonitor_interfaces/sysmonitor_interfaces_s__rosidl_typesupport_introspection_c.cpython-310-x86_64-linux-gnu.so
[2.705s] -- Installing: /home/alex/Desktop/ex1/install/sysmonitor_interfaces/local/lib/python3.10/dist-packages/sysmonitor_interfaces/_sysmonitor_interfaces_s.ep.rosidl_typesupport_fastrtps_c.c
[2.705s] -- Installing: /home/alex/Desktop/ex1/install/sysmonitor_interfaces/local/lib/python3.10/dist-packages/sysmonitor_interfaces/libsysmonitor_interfaces__rosidl_generator_py.so
[2.705s] -- Installing: /home/alex/Desktop/ex1/install/sysmonitor_interfaces/local/lib/python3.10/dist-packages/sysmonitor_interfaces/_sysmonitor_interfaces_s.ep.rosidl_typesupport_introspection_c.c
[2.705s] -- Installing: /home/alex/Desktop/ex1/install/sysmonitor_interfaces/local/lib/python3.10/dist-packages/sysmonitor_interfaces/sysmonitor_interfaces_s__rosidl_typesupport_fastrtps_c.cpython-310-x86_64-linux-gnu.so
[2.706s] -- Installing: /home/alex/Desktop/ex1/install/sysmonitor_interfaces/local/lib/python3.10/dist-packages/sysmonitor_interfaces/_sysmonitor_interfaces_s.ep.rosidl_typesupport_c.c
[2.706s] -- Installing: /home/alex/Desktop/ex1/install/sysmonitor_interfaces/local/lib/python3.10/dist-packages/sysmonitor_interfaces/sysmonitor_interfaces_s__rosidl_typesupport_c.cpython-310-x86_64-linux-gnu.so
[2.706s] -- Installing: /home/alex/Desktop/ex1/install/sysmonitor_interfaces/local/lib/python3.10/dist-packages/sysmonitor_interfaces/msg
[2.706s] -- Installing: /home/alex/Desktop/ex1/install/sysmonitor_interfaces/local/lib/python3.10/dist-packages/sysmonitor_interfaces/msg/__init__.py
[2.706s] -- Installing: /home/alex/Desktop/ex1/install/sysmonitor_interfaces/local/lib/python3.10/dist-packages/sysmonitor_interfaces/msg/_sysmon.py
[2.706s] -- Installing: /home/alex/Desktop/ex1/install/sysmonitor_interfaces/local/lib/python3.10/dist-packages/sysmonitor_interfaces/msg/_sysmon_s.c
[2.729s] Listing '/home/alex/Desktop/ex1/install/sysmonitor_interfaces/local/lib/python3.10/dist-packages/sysmonitor_interfaces'...
[2.729s] Compiling '/home/alex/Desktop/ex1/install/sysmonitor_interfaces/local/lib/python3.10/dist-packages/sysmonitor_interfaces/__init__.py'...
[2.729s] Listing '/home/alex/Desktop/ex1/install/sysmonitor_interfaces/local/lib/python3.10/dist-packages/sysmonitor_interfaces/msg'...
[2.729s] Compiling '/home/alex/Desktop/ex1/install/sysmonitor_interfaces/local/lib/python3.10/dist-packages/sysmonitor_interfaces/msg/__init__.py'...
[2.729s] Compiling '/home/alex/Desktop/ex1/install/sysmonitor_interfaces/local/lib/python3.10/dist-packages/sysmonitor_interfaces/msg/_sysmon.py'...
[2.732s] -- Installing: /home/alex/Desktop/ex1/install/sysmonitor_interfaces/local/lib/python3.10/dist-packages/sysmonitor_interfaces/sysmonitor_interfaces_s__rosidl_typesupport_fastrtps_c.cpython-310-x86_64-linux-gnu.so
[2.733s] -- Set runtime path of "/home/alex/Desktop/ex1/install/sysmonitor_interfaces/local/lib/python3.10/dist-packages/sysmonitor_interfaces/sysmonitor_interfaces_s__rosidl_typesupport_fastrtps_c.cpython-310-x86_64-linux-gnu.so" to ""
[2.733s] -- Installing: /home/alex/Desktop/ex1/install/sysmonitor_interfaces/local/lib/python3.10/dist-packages/sysmonitor_interfaces/sysmonitor_interfaces_s__rosidl_typesupport_introspection_c.cpython-310-x86_64-linux-gnu.so
[2.733s] -- Set runtime path of "/home/alex/Desktop/ex1/install/sysmonitor_interfaces/local/lib/python3.10/dist-packages/sysmonitor_interfaces/sysmonitor_interfaces_s__rosidl_typesupport_introspection_c.cpython-310-x86_64-linux-gnu.so" to ""
[2.733s] -- Installing: /home/alex/Desktop/ex1/install/sysmonitor_interfaces/local/lib/python3.10/dist-packages/sysmonitor_interfaces/sysmonitor_interfaces_s__rosidl_typesupport_c.cpython-310-x86_64-linux-gnu.so
[2.734s] -- Set runtime path of "/home/alex/Desktop/ex1/install/sysmonitor_interfaces/local/lib/python3.10/dist-packages/sysmonitor_interfaces/sysmonitor_interfaces_s__rosidl_typesupport_c.cpython-310-x86_64-linux-gnu.so" to ""
[2.734s] -- Installing: /home/alex/Desktop/ex1/install/sysmonitor_interfaces/lib/libsysmonitor_interfaces__rosidl_generator_py.so
[2.734s] -- Set runtime path of "/home/alex/Desktop/ex1/install/sysmonitor_interfaces/lib/libsysmonitor_interfaces__rosidl_generator_py.so" to ""
[2.734s] -- Installing: /home/alex/Desktop/ex1/install/sysmonitor_interfaces/share/sysmonitor_interfaces/msg/Sysmon.idl
[2.734s] -- Installing: /home/alex/Desktop/ex1/install/sysmonitor_interfaces/share/sysmonitor_interfaces/msg/Sysmon.msg
[2.734s] -- Installing: /home/alex/Desktop/ex1/install/sysmonitor_interfaces/share/ament_index/resource_index/package_run_dependencies/sysmonitor_interfaces
[2.735s] -- Installing: /home/alex/Desktop/ex1/install/sysmonitor_interfaces/share/ament_index/resource_index/parent_prefix_path/sysmonitor_interfaces
[2.735s] -- Installing: /home/alex/Desktop/ex1/install/sysmonitor_interfaces/share/sysmonitor_interfaces/environment/ament_prefix_path.sh
[2.735s] -- Installing: /home/alex/Desktop/ex1/install/sysmonitor_interfaces/share/sysmonitor_interfaces/environment/ament_prefix_path.dsv
[2.735s] -- Installing: /home/alex/Desktop/ex1/install/sysmonitor_interfaces/share/sysmonitor_interfaces/environment/path.sh
[2.735s] -- Installing: /home/alex/Desktop/ex1/install/sysmonitor_interfaces/share/sysmonitor_interfaces/environment/path.dsv
[2.735s] -- Installing: /home/alex/Desktop/ex1/install/sysmonitor_interfaces/share/sysmonitor_interfaces/local_setup.bash
[2.735s] -- Installing: /home/alex/Desktop/ex1/install/sysmonitor_interfaces/share/sysmonitor_interfaces/local_setup.sh
[2.735s] -- Installing: /home/alex/Desktop/ex1/install/sysmonitor_interfaces/share/sysmonitor_interfaces/local_setup.zsh
[2.735s] -- Installing: /home/alex/Desktop/ex1/install/sysmonitor_interfaces/share/sysmonitor_interfaces/local_setup.dsv
[2.736s] -- Installing: /home/alex/Desktop/ex1/install/sysmonitor_interfaces/share/sysmonitor_interfaces/package.dsv
[2.736s] -- Installing: /home/alex/Desktop/ex1/install/sysmonitor_interfaces/share/ament_index/resource_index/packages/sysmonitor_interfaces
[2.736s] -- Installing: /home/alex/Desktop/ex1/install/sysmonitor_interfaces/share/sysmonitor_interfaces/cmake/export_sysmonitor_interfaces__rosidl_generator_cExport.cmake
[2.736s] -- Installing: /home/alex/Desktop/ex1/install/sysmonitor_interfaces/share/sysmonitor_interfaces/cmake/export_sysmonitor_interfaces__rosidl_generator_cExport-noconfig.cmake
[2.736s] -- Installing: /home/alex/Desktop/ex1/install/sysmonitor_interfaces/share/sysmonitor_interfaces/cmake/export_sysmonitor_interfaces__rosidl_typesupport_fastrtps_cExport.cmake
[2.736s] -- Installing: /home/alex/Desktop/ex1/install/sysmonitor_interfaces/share/sysmonitor_interfaces/cmake/export_sysmonitor_interfaces__rosidl_typesupport_fastrtps_cExport-noconfig.cmake
[2.736s] -- Installing: /home/alex/Desktop/ex1/install/sysmonitor_interfaces/share/sysmonitor_interfaces/cmake/sysmonitor_interfaces__rosidl_typesupport_introspection_cExport.cmake
[2.737s] -- Installing: /home/alex/Desktop/ex1/install/sysmonitor_interfaces/share/sysmonitor_interfaces/cmake/sysmonitor_interfaces__rosidl_typesupport_introspection_cExport-noconfig.cmake
[2.737s] -- Installing: /home/alex/Desktop/ex1/install/sysmonitor_interfaces/share/sysmonitor_interfaces/cmake/sysmonitor_interfaces__rosidl_typesupport_cExport.cmake
[2.737s] -- Installing: /home/alex/Desktop/ex1/install/sysmonitor_interfaces/share/sysmonitor_interfaces/cmake/sysmonitor_interfaces__rosidl_typesupport_cExport-noconfig.cmake
[2.737s] -- Installing: /home/alex/Desktop/ex1/install/sysmonitor_interfaces/share/sysmonitor_interfaces/cmake/export_sysmonitor_interfaces__rosidl_generator_cppExport.cmake
[2.737s] -- Installing: /home/alex/Desktop/ex1/install/sysmonitor_interfaces/share/sysmonitor_interfaces/cmake/export_sysmonitor_interfaces__rosidl_typesupport_fastrtps_cppExport.cmake
[2.737s] -- Installing: /home/alex/Desktop/ex1/install/sysmonitor_interfaces/share/sysmonitor_interfaces/cmake/export_sysmonitor_interfaces__rosidl_typesupport_fastrtps_cppExport-noconfig.cmake
[2.738s] -- Installing: /home/alex/Desktop/ex1/install/sysmonitor_interfaces/share/sysmonitor_interfaces/cmake/sysmonitor_interfaces__rosidl_typesupport_introspection_cppExport.cmake
[2.738s] -- Installing: /home/alex/Desktop/ex1/install/sysmonitor_interfaces/share/sysmonitor_interfaces/cmake/sysmonitor_interfaces__rosidl_typesupport_introspection_cppExport-noconfig.cmake
[2.738s] -- Installing: /home/alex/Desktop/ex1/install/sysmonitor_interfaces/share/sysmonitor_interfaces/cmake/sysmonitor_interfaces__rosidl_typesupport_cppExport.cmake
[2.738s] -- Installing: /home/alex/Desktop/ex1/install/sysmonitor_interfaces/share/sysmonitor_interfaces/cmake/sysmonitor_interfaces__rosidl_typesupport_cppExport-noconfig.cmake
[2.738s] -- Installing: /home/alex/Desktop/ex1/install/sysmonitor_interfaces/share/sysmonitor_interfaces/cmake/export_sysmonitor_interfaces__rosidl_generator_pyExport.cmake
[2.738s] -- Installing: /home/alex/Desktop/ex1/install/sysmonitor_interfaces/share/sysmonitor_interfaces/cmake/export_sysmonitor_interfaces__rosidl_generator_pyExport-noconfig.cmake
[2.738s] -- Installing: /home/alex/Desktop/ex1/install/sysmonitor_interfaces/share/sysmonitor_interfaces/cmake/rosidl_cmake-extras.cmake
[2.739s] -- Installing: /home/alex/Desktop/ex1/install/sysmonitor_interfaces/share/sysmonitor_interfaces/cmake/ament_cmake_export_include_directories-extras.cmake
[2.739s] -- Installing: /home/alex/Desktop/ex1/install/sysmonitor_interfaces/share/sysmonitor_interfaces/cmake/ament_cmake_export_libraries-extras.cmake
[2.739s] -- Installing: /home/alex/Desktop/ex1/install/sysmonitor_interfaces/share/sysmonitor_interfaces/cmake/ament_cmake_export_targets-extras.cmake
[2.739s] -- Installing: /home/alex/Desktop/ex1/install/sysmonitor_interfaces/share/sysmonitor_interfaces/cmake/rosidl_cmake_export_typesupport_targets-extras.cmake
[2.739s] -- Installing: /home/alex/Desktop/ex1/install/sysmonitor_interfaces/share/sysmonitor_interfaces/cmake/ament_cmake_export_dependencies-extras.cmake
[2.739s] -- Installing: /home/alex/Desktop/ex1/install/sysmonitor_interfaces/share/sysmonitor_interfaces/cmake/rosidl_cmake_export_typesupport_libraries-extras.cmake
[2.739s] -- Installing: /home/alex/Desktop/ex1/install/sysmonitor_interfaces/share/sysmonitor_interfaces/cmake/sysmonitor_interfacesConfig.cmake
[2.739s] -- Installing: /home/alex/Desktop/ex1/install/sysmonitor_interfaces/share/sysmonitor_interfaces/cmake/sysmonitor_interfacesConfig-version.cmake
[2.739s] -- Installing: /home/alex/Desktop/ex1/install/sysmonitor_interfaces/share/sysmonitor_interfaces/package.xml
[2.743s] Invoked command in '/home/alex/Desktop/ex1/build/sysmonitor_interfaces' returned '0': CMAKE_PREFIX_PATH=/opt/ros/humble /usr/bin/cmake --install /home/alex/Desktop/ex1/build/sysmonitor_interfaces
