[  3%] Built target sysmonitor_interfaces__cpp
[ 12%] Built target sysmonitor_interfaces__rosidl_generator_c
[ 12%] Built target ament_cmake_python_copy_sysmonitor_interfaces
[ 32%] Built target sysmonitor_interfaces__rosidl_typesupport_cpp
[ 54%] Built target sysmonitor_interfaces__rosidl_typesupport_fastrtps_cpp
[ 58%] Built target sysmonitor_interfaces__rosidl_typesupport_introspection_c
[ 61%] Built target sysmonitor_interfaces__rosidl_typesupport_introspection_cpp
[ 64%] Built target sysmonitor_interfaces__rosidl_typesupport_fastrtps_c
[ 70%] Built target sysmonitor_interfaces__rosidl_typesupport_c
[ 70%] Built target sysmonitor_interfaces
[ 74%] Built target sysmonitor_interfaces__py
[ 80%] Built target sysmonitor_interfaces__rosidl_generator_py
[ 93%] Built target sysmonitor_interfaces__rosidl_typesupport_fastrtps_c__pyext
[ 93%] Built target sysmonitor_interfaces__rosidl_typesupport_c__pyext
[100%] Built target sysmonitor_interfaces__rosidl_typesupport_introspection_c__pyext
running egg_info
writing sysmonitor_interfaces.egg-info/PKG-INFO
writing dependency_links to sysmonitor_interfaces.egg-info/dependency_links.txt
writing top-level names to sysmonitor_interfaces.egg-info/top_level.txt
reading manifest file 'sysmonitor_interfaces.egg-info/SOURCES.txt'
writing manifest file 'sysmonitor_interfaces.egg-info/SOURCES.txt'
[100%] Built target ament_cmake_python_build_sysmonitor_interfaces_egg
