[0.102s] DEBUG:colcon:Command line arguments: ['/usr/bin/colcon', 'build', '--path', '/home/alex/Desktop/ex1/sysmonitor_interfaces/']
[0.102s] DEBUG:colcon:Parsed command line arguments: Namespace(log_base=None, log_level=None, verb_name='build', build_base='build', install_base='install', merge_install=False, symlink_install=False, test_result_base=None, continue_on_error=False, executor='parallel', parallel_workers=16, event_handlers=None, ignore_user_meta=False, metas=['./colcon.meta'], base_paths=['.'], packages_ignore=None, packages_ignore_regex=None, paths=['/home/alex/Desktop/ex1/sysmonitor_interfaces'], packages_up_to=None, packages_up_to_regex=None, packages_above=None, packages_above_and_dependencies=None, packages_above_depth=None, packages_select_by_dep=None, packages_skip_by_dep=None, packages_skip_up_to=None, packages_select_build_failed=False, packages_skip_build_finished=False, packages_select_test_failures=False, packages_skip_test_passed=False, packages_select=None, packages_skip=None, packages_select_regex=None, packages_skip_regex=None, packages_start=None, packages_end=None, allow_overriding=[], cmake_args=None, cmake_target=None, cmake_target_skip_unavailable=False, cmake_clean_cache=False, cmake_clean_first=False, cmake_force_configure=False, ament_cmake_args=None, catkin_cmake_args=None, catkin_skip_building_tests=False, verb_parser=<colcon_defaults.argument_parser.defaults.DefaultArgumentsDecorator object at 0x7ce464687c10>, verb_extension=<colcon_core.verb.build.BuildVerb object at 0x7ce4648490c0>, main=<bound method BuildVerb.main of <colcon_core.verb.build.BuildVerb object at 0x7ce4648490c0>>)
[0.268s] Level 1:colcon.colcon_core.package_discovery:discover_packages(colcon_meta) check parameters
[0.268s] Level 1:colcon.colcon_core.package_discovery:discover_packages(recursive) check parameters
[0.268s] Level 1:colcon.colcon_core.package_discovery:discover_packages(ignore) check parameters
[0.268s] Level 1:colcon.colcon_core.package_discovery:discover_packages(path) check parameters
[0.268s] Level 1:colcon.colcon_core.package_discovery:discover_packages(path) discover
[0.268s] Level 1:colcon.colcon_core.package_discovery:PathPackageDiscovery.discover(['/home/alex/Desktop/ex1/sysmonitor_interfaces'])
[0.269s] Level 1:colcon.colcon_core.package_identification:_identify(/home/alex/Desktop/ex1/sysmonitor_interfaces) by extensions ['ignore', 'ignore_ament_install']
[0.269s] Level 1:colcon.colcon_core.package_identification:_identify(/home/alex/Desktop/ex1/sysmonitor_interfaces) by extension 'ignore'
[0.269s] Level 1:colcon.colcon_core.package_identification:_identify(/home/alex/Desktop/ex1/sysmonitor_interfaces) by extension 'ignore_ament_install'
[0.269s] Level 1:colcon.colcon_core.package_identification:_identify(/home/alex/Desktop/ex1/sysmonitor_interfaces) by extensions ['colcon_pkg']
[0.269s] Level 1:colcon.colcon_core.package_identification:_identify(/home/alex/Desktop/ex1/sysmonitor_interfaces) by extension 'colcon_pkg'
[0.269s] Level 1:colcon.colcon_core.package_identification:_identify(/home/alex/Desktop/ex1/sysmonitor_interfaces) by extensions ['colcon_meta']
[0.269s] Level 1:colcon.colcon_core.package_identification:_identify(/home/alex/Desktop/ex1/sysmonitor_interfaces) by extension 'colcon_meta'
[0.269s] Level 1:colcon.colcon_core.package_identification:_identify(/home/alex/Desktop/ex1/sysmonitor_interfaces) by extensions ['ros']
[0.269s] Level 1:colcon.colcon_core.package_identification:_identify(/home/alex/Desktop/ex1/sysmonitor_interfaces) by extension 'ros'
[0.282s] DEBUG:colcon.colcon_core.package_identification:Package '/home/alex/Desktop/ex1/sysmonitor_interfaces' with type 'ros.ament_cmake' and name 'sysmonitor_interfaces'
[0.282s] Level 1:colcon.colcon_core.package_discovery:discover_packages(path) using defaults
[0.301s] Level 1:colcon.colcon_core.package_discovery:discover_packages(prefix_path) check parameters
[0.302s] Level 1:colcon.colcon_core.package_discovery:discover_packages(prefix_path) discover
[0.304s] DEBUG:colcon.colcon_installed_package_information.package_discovery:Found 311 installed packages in /opt/ros/humble
[0.315s] Level 1:colcon.colcon_core.package_discovery:discover_packages(prefix_path) using defaults
[0.355s] Level 5:colcon.colcon_core.verb:set package 'sysmonitor_interfaces' build argument 'cmake_args' from command line to 'None'
[0.355s] Level 5:colcon.colcon_core.verb:set package 'sysmonitor_interfaces' build argument 'cmake_target' from command line to 'None'
[0.355s] Level 5:colcon.colcon_core.verb:set package 'sysmonitor_interfaces' build argument 'cmake_target_skip_unavailable' from command line to 'False'
[0.355s] Level 5:colcon.colcon_core.verb:set package 'sysmonitor_interfaces' build argument 'cmake_clean_cache' from command line to 'False'
[0.355s] Level 5:colcon.colcon_core.verb:set package 'sysmonitor_interfaces' build argument 'cmake_clean_first' from command line to 'False'
[0.355s] Level 5:colcon.colcon_core.verb:set package 'sysmonitor_interfaces' build argument 'cmake_force_configure' from command line to 'False'
[0.355s] Level 5:colcon.colcon_core.verb:set package 'sysmonitor_interfaces' build argument 'ament_cmake_args' from command line to 'None'
[0.355s] Level 5:colcon.colcon_core.verb:set package 'sysmonitor_interfaces' build argument 'catkin_cmake_args' from command line to 'None'
[0.355s] Level 5:colcon.colcon_core.verb:set package 'sysmonitor_interfaces' build argument 'catkin_skip_building_tests' from command line to 'False'
[0.355s] DEBUG:colcon.colcon_core.verb:Building package 'sysmonitor_interfaces' with the following arguments: {'ament_cmake_args': None, 'build_base': '/home/alex/Desktop/ex1/build/sysmonitor_interfaces', 'catkin_cmake_args': None, 'catkin_skip_building_tests': False, 'cmake_args': None, 'cmake_clean_cache': False, 'cmake_clean_first': False, 'cmake_force_configure': False, 'cmake_target': None, 'cmake_target_skip_unavailable': False, 'install_base': '/home/alex/Desktop/ex1/install/sysmonitor_interfaces', 'merge_install': False, 'path': '/home/alex/Desktop/ex1/sysmonitor_interfaces', 'symlink_install': False, 'test_result_base': None}
[0.356s] INFO:colcon.colcon_core.executor:Executing jobs using 'parallel' executor
[0.357s] DEBUG:colcon.colcon_parallel_executor.executor.parallel:run_until_complete
[0.357s] INFO:colcon.colcon_ros.task.ament_cmake.build:Building ROS package in '/home/alex/Desktop/ex1/sysmonitor_interfaces' with build type 'ament_cmake'
[0.357s] INFO:colcon.colcon_cmake.task.cmake.build:Building CMake package in '/home/alex/Desktop/ex1/sysmonitor_interfaces'
[0.359s] INFO:colcon.colcon_core.plugin_system:Skipping extension 'colcon_core.shell.bat': Not used on non-Windows systems
[0.359s] INFO:colcon.colcon_core.shell:Skip shell extension 'powershell' for command environment: Not usable outside of PowerShell
[0.359s] DEBUG:colcon.colcon_core.shell:Skip shell extension 'dsv' for command environment
[0.370s] DEBUG:colcon.colcon_core.event_handler.log_command:Invoking command in '/home/alex/Desktop/ex1/build/sysmonitor_interfaces': CMAKE_PREFIX_PATH=/opt/ros/humble /usr/bin/cmake --build /home/alex/Desktop/ex1/build/sysmonitor_interfaces -- -j16 -l16
[0.734s] DEBUG:colcon.colcon_core.event_handler.log_command:Invoked command in '/home/alex/Desktop/ex1/build/sysmonitor_interfaces' returned '0': CMAKE_PREFIX_PATH=/opt/ros/humble /usr/bin/cmake --build /home/alex/Desktop/ex1/build/sysmonitor_interfaces -- -j16 -l16
[0.746s] DEBUG:colcon.colcon_core.event_handler.log_command:Invoking command in '/home/alex/Desktop/ex1/build/sysmonitor_interfaces': CMAKE_PREFIX_PATH=/opt/ros/humble /usr/bin/cmake --install /home/alex/Desktop/ex1/build/sysmonitor_interfaces
[0.803s] Level 1:colcon.colcon_core.environment:create_environment_scripts_only(sysmonitor_interfaces)
[0.804s] DEBUG:colcon.colcon_core.event_handler.log_command:Invoked command in '/home/alex/Desktop/ex1/build/sysmonitor_interfaces' returned '0': CMAKE_PREFIX_PATH=/opt/ros/humble /usr/bin/cmake --install /home/alex/Desktop/ex1/build/sysmonitor_interfaces
[0.805s] Level 1:colcon.colcon_core.environment:checking '/home/alex/Desktop/ex1/install/sysmonitor_interfaces' for CMake module files
[0.806s] Level 1:colcon.colcon_core.environment:checking '/home/alex/Desktop/ex1/install/sysmonitor_interfaces' for CMake config files
[0.807s] Level 1:colcon.colcon_core.shell:create_environment_hook('sysmonitor_interfaces', 'cmake_prefix_path')
[0.807s] INFO:colcon.colcon_core.shell:Creating environment hook '/home/alex/Desktop/ex1/install/sysmonitor_interfaces/share/sysmonitor_interfaces/hook/cmake_prefix_path.ps1'
[0.807s] INFO:colcon.colcon_core.shell:Creating environment descriptor '/home/alex/Desktop/ex1/install/sysmonitor_interfaces/share/sysmonitor_interfaces/hook/cmake_prefix_path.dsv'
[0.808s] INFO:colcon.colcon_core.shell:Creating environment hook '/home/alex/Desktop/ex1/install/sysmonitor_interfaces/share/sysmonitor_interfaces/hook/cmake_prefix_path.sh'
[0.809s] Level 1:colcon.colcon_core.environment:checking '/home/alex/Desktop/ex1/install/sysmonitor_interfaces/lib'
[0.809s] Level 1:colcon.colcon_core.shell:create_environment_hook('sysmonitor_interfaces', 'ld_library_path_lib')
[0.809s] INFO:colcon.colcon_core.shell:Creating environment hook '/home/alex/Desktop/ex1/install/sysmonitor_interfaces/share/sysmonitor_interfaces/hook/ld_library_path_lib.ps1'
[0.810s] INFO:colcon.colcon_core.shell:Creating environment descriptor '/home/alex/Desktop/ex1/install/sysmonitor_interfaces/share/sysmonitor_interfaces/hook/ld_library_path_lib.dsv'
[0.810s] INFO:colcon.colcon_core.shell:Creating environment hook '/home/alex/Desktop/ex1/install/sysmonitor_interfaces/share/sysmonitor_interfaces/hook/ld_library_path_lib.sh'
[0.810s] Level 1:colcon.colcon_core.environment:checking '/home/alex/Desktop/ex1/install/sysmonitor_interfaces/bin'
[0.810s] Level 1:colcon.colcon_core.environment:checking '/home/alex/Desktop/ex1/install/sysmonitor_interfaces/lib/pkgconfig/sysmonitor_interfaces.pc'
[0.811s] Level 1:colcon.colcon_core.environment:checking '/home/alex/Desktop/ex1/install/sysmonitor_interfaces/lib/python3.10/site-packages'
[0.811s] Level 1:colcon.colcon_core.environment:checking '/home/alex/Desktop/ex1/install/sysmonitor_interfaces/bin'
[0.811s] INFO:colcon.colcon_core.shell:Creating package script '/home/alex/Desktop/ex1/install/sysmonitor_interfaces/share/sysmonitor_interfaces/package.ps1'
[0.812s] INFO:colcon.colcon_core.shell:Creating package descriptor '/home/alex/Desktop/ex1/install/sysmonitor_interfaces/share/sysmonitor_interfaces/package.dsv'
[0.812s] INFO:colcon.colcon_core.shell:Creating package script '/home/alex/Desktop/ex1/install/sysmonitor_interfaces/share/sysmonitor_interfaces/package.sh'
[0.813s] INFO:colcon.colcon_core.shell:Creating package script '/home/alex/Desktop/ex1/install/sysmonitor_interfaces/share/sysmonitor_interfaces/package.bash'
[0.814s] INFO:colcon.colcon_core.shell:Creating package script '/home/alex/Desktop/ex1/install/sysmonitor_interfaces/share/sysmonitor_interfaces/package.zsh'
[0.815s] Level 1:colcon.colcon_core.environment:create_file_with_runtime_dependencies(/home/alex/Desktop/ex1/install/sysmonitor_interfaces/share/colcon-core/packages/sysmonitor_interfaces)
[0.815s] Level 1:colcon.colcon_core.environment:create_environment_scripts_only(sysmonitor_interfaces)
[0.815s] Level 1:colcon.colcon_core.environment:checking '/home/alex/Desktop/ex1/install/sysmonitor_interfaces' for CMake module files
[0.816s] Level 1:colcon.colcon_core.environment:checking '/home/alex/Desktop/ex1/install/sysmonitor_interfaces' for CMake config files
[0.817s] Level 1:colcon.colcon_core.shell:create_environment_hook('sysmonitor_interfaces', 'cmake_prefix_path')
[0.817s] INFO:colcon.colcon_core.shell:Creating environment hook '/home/alex/Desktop/ex1/install/sysmonitor_interfaces/share/sysmonitor_interfaces/hook/cmake_prefix_path.ps1'
[0.817s] INFO:colcon.colcon_core.shell:Creating environment descriptor '/home/alex/Desktop/ex1/install/sysmonitor_interfaces/share/sysmonitor_interfaces/hook/cmake_prefix_path.dsv'
[0.817s] INFO:colcon.colcon_core.shell:Creating environment hook '/home/alex/Desktop/ex1/install/sysmonitor_interfaces/share/sysmonitor_interfaces/hook/cmake_prefix_path.sh'
[0.818s] Level 1:colcon.colcon_core.environment:checking '/home/alex/Desktop/ex1/install/sysmonitor_interfaces/lib'
[0.818s] Level 1:colcon.colcon_core.shell:create_environment_hook('sysmonitor_interfaces', 'ld_library_path_lib')
[0.818s] INFO:colcon.colcon_core.shell:Creating environment hook '/home/alex/Desktop/ex1/install/sysmonitor_interfaces/share/sysmonitor_interfaces/hook/ld_library_path_lib.ps1'
[0.819s] INFO:colcon.colcon_core.shell:Creating environment descriptor '/home/alex/Desktop/ex1/install/sysmonitor_interfaces/share/sysmonitor_interfaces/hook/ld_library_path_lib.dsv'
[0.819s] INFO:colcon.colcon_core.shell:Creating environment hook '/home/alex/Desktop/ex1/install/sysmonitor_interfaces/share/sysmonitor_interfaces/hook/ld_library_path_lib.sh'
[0.819s] Level 1:colcon.colcon_core.environment:checking '/home/alex/Desktop/ex1/install/sysmonitor_interfaces/bin'
[0.819s] Level 1:colcon.colcon_core.environment:checking '/home/alex/Desktop/ex1/install/sysmonitor_interfaces/lib/pkgconfig/sysmonitor_interfaces.pc'
[0.820s] Level 1:colcon.colcon_core.environment:checking '/home/alex/Desktop/ex1/install/sysmonitor_interfaces/lib/python3.10/site-packages'
[0.820s] Level 1:colcon.colcon_core.environment:checking '/home/alex/Desktop/ex1/install/sysmonitor_interfaces/bin'
[0.820s] INFO:colcon.colcon_core.shell:Creating package script '/home/alex/Desktop/ex1/install/sysmonitor_interfaces/share/sysmonitor_interfaces/package.ps1'
[0.821s] INFO:colcon.colcon_core.shell:Creating package descriptor '/home/alex/Desktop/ex1/install/sysmonitor_interfaces/share/sysmonitor_interfaces/package.dsv'
[0.821s] INFO:colcon.colcon_core.shell:Creating package script '/home/alex/Desktop/ex1/install/sysmonitor_interfaces/share/sysmonitor_interfaces/package.sh'
[0.821s] INFO:colcon.colcon_core.shell:Creating package script '/home/alex/Desktop/ex1/install/sysmonitor_interfaces/share/sysmonitor_interfaces/package.bash'
[0.822s] INFO:colcon.colcon_core.shell:Creating package script '/home/alex/Desktop/ex1/install/sysmonitor_interfaces/share/sysmonitor_interfaces/package.zsh'
[0.822s] Level 1:colcon.colcon_core.environment:create_file_with_runtime_dependencies(/home/alex/Desktop/ex1/install/sysmonitor_interfaces/share/colcon-core/packages/sysmonitor_interfaces)
[0.823s] DEBUG:colcon.colcon_parallel_executor.executor.parallel:closing loop
[0.823s] DEBUG:colcon.colcon_parallel_executor.executor.parallel:loop closed
[0.823s] DEBUG:colcon.colcon_parallel_executor.executor.parallel:run_until_complete finished with '0'
[0.823s] DEBUG:colcon.colcon_core.event_reactor:joining thread
[0.828s] INFO:colcon.colcon_core.plugin_system:Skipping extension 'colcon_notification.desktop_notification.terminal_notifier': Not used on non-Darwin systems
[0.828s] INFO:colcon.colcon_core.plugin_system:Skipping extension 'colcon_notification.desktop_notification.win32': Not used on non-Windows systems
[0.828s] INFO:colcon.colcon_notification.desktop_notification:Sending desktop notification using 'notify2'
[0.842s] DEBUG:colcon.colcon_core.event_reactor:joined thread
[0.842s] INFO:colcon.colcon_core.shell:Creating prefix script '/home/alex/Desktop/ex1/install/local_setup.ps1'
[0.843s] INFO:colcon.colcon_core.shell:Creating prefix util module '/home/alex/Desktop/ex1/install/_local_setup_util_ps1.py'
[0.845s] INFO:colcon.colcon_core.shell:Creating prefix chain script '/home/alex/Desktop/ex1/install/setup.ps1'
[0.846s] INFO:colcon.colcon_core.shell:Creating prefix script '/home/alex/Desktop/ex1/install/local_setup.sh'
[0.847s] INFO:colcon.colcon_core.shell:Creating prefix util module '/home/alex/Desktop/ex1/install/_local_setup_util_sh.py'
[0.847s] INFO:colcon.colcon_core.shell:Creating prefix chain script '/home/alex/Desktop/ex1/install/setup.sh'
[0.848s] INFO:colcon.colcon_core.shell:Creating prefix script '/home/alex/Desktop/ex1/install/local_setup.bash'
[0.849s] INFO:colcon.colcon_core.shell:Creating prefix chain script '/home/alex/Desktop/ex1/install/setup.bash'
[0.849s] INFO:colcon.colcon_core.shell:Creating prefix script '/home/alex/Desktop/ex1/install/local_setup.zsh'
[0.850s] INFO:colcon.colcon_core.shell:Creating prefix chain script '/home/alex/Desktop/ex1/install/setup.zsh'
