[0.013s] Invoking command in '/home/alex/Desktop/ex1/build/sysmonitor_interfaces': CMAKE_PREFIX_PATH=/opt/ros/humble /usr/bin/cmake --build /home/alex/Desktop/ex1/build/sysmonitor_interfaces -- -j16 -l16
[0.068s] [  3%] Built target sysmonitor_interfaces__cpp
[0.069s] [ 12%] Built target sysmonitor_interfaces__rosidl_generator_c
[0.080s] [ 12%] Built target ament_cmake_python_copy_sysmonitor_interfaces
[0.092s] [ 32%] Built target sysmonitor_interfaces__rosidl_typesupport_cpp
[0.092s] [ 54%] Built target sysmonitor_interfaces__rosidl_typesupport_fastrtps_cpp
[0.093s] [ 58%] Built target sysmonitor_interfaces__rosidl_typesupport_introspection_c
[0.093s] [ 61%] Built target sysmonitor_interfaces__rosidl_typesupport_introspection_cpp
[0.093s] [ 64%] Built target sysmonitor_interfaces__rosidl_typesupport_fastrtps_c
[0.093s] [ 70%] Built target sysmonitor_interfaces__rosidl_typesupport_c
[0.118s] [ 70%] Built target sysmonitor_interfaces
[0.142s] [ 74%] Built target sysmonitor_interfaces__py
[0.170s] [ 80%] Built target sysmonitor_interfaces__rosidl_generator_py
[0.196s] [ 93%] Built target sysmonitor_interfaces__rosidl_typesupport_fastrtps_c__pyext
[0.196s] [ 93%] Built target sysmonitor_interfaces__rosidl_typesupport_c__pyext
[0.196s] [100%] Built target sysmonitor_interfaces__rosidl_typesupport_introspection_c__pyext
[0.318s] running egg_info
[0.319s] writing sysmonitor_interfaces.egg-info/PKG-INFO
[0.319s] writing dependency_links to sysmonitor_interfaces.egg-info/dependency_links.txt
[0.319s] writing top-level names to sysmonitor_interfaces.egg-info/top_level.txt
[0.321s] reading manifest file 'sysmonitor_interfaces.egg-info/SOURCES.txt'
[0.322s] writing manifest file 'sysmonitor_interfaces.egg-info/SOURCES.txt'
[0.350s] [100%] Built target ament_cmake_python_build_sysmonitor_interfaces_egg
